WARNING:root:DB server started with /apps/openquake/3.5/oqenv/bin/python3.6 on tcp://10.9.74.17:1908, pid 49493
[2019-07-04 10:50:32,700 #4 INFO] hxr547 running /short/y57/hxr547/York/job_PSHA.ini [--hc=None]
[2019-07-04 10:50:32,776 #4 INFO] Using engine version 3.5.0
[2019-07-04 10:50:33,996 #4 WARNING] Using celery@r4294, celery@r4298, celery@r4302, celery@r4303, celery@r4312, 280 cores
[2019-07-04 10:50:34,126 #4 INFO] zipping the input files
[2019-07-04 10:51:19,160 #4 INFO] Reading the risk model if present
[2019-07-04 10:51:19,445 #4 INFO] Read 1 hazard sites
[2019-07-04 10:51:31,373 #4 INFO] Validated nsha18_source_model_logic_tree.xml in 11.75 seconds
[2019-07-04 10:51:31,758 #4 INFO] Potential number of logic tree paths = 5,880
[2019-07-04 10:51:31,850 #4 INFO] Removing nodal plane and hypocenter distributions
[2019-07-04 10:51:32,089 #4 INFO] Reading the source model(s) in parallel
[2019-07-04 10:52:03,722 #4 INFO] Sent 8.29 KB of data in 20 read_source_models task(s)
[2019-07-04 10:52:03,894 #4 INFO] read_source_models   5% [of 20 tasks]
[2019-07-04 10:52:06,169 #4 INFO] read_source_models  10% [of 20 tasks]
[2019-07-04 10:52:06,431 #4 INFO] read_source_models  15% [of 20 tasks]
[2019-07-04 10:52:07,455 #4 INFO] read_source_models  20% [of 20 tasks]
[2019-07-04 10:52:09,477 #4 INFO] read_source_models  25% [of 20 tasks]
[2019-07-04 10:52:11,752 #4 INFO] read_source_models  30% [of 20 tasks]
[2019-07-04 10:52:17,408 #4 INFO] read_source_models  35% [of 20 tasks]
WARNING:root:<AreaSource NSHMB_EBGZ>.count_ruptures took 30 seconds, perhaps the area discretization is too small
[2019-07-04 10:52:29,185 #4 INFO] read_source_models  40% [of 20 tasks]
[2019-07-04 10:52:33,876 #4 INFO] read_source_models  45% [of 20 tasks]
[2019-07-04 10:52:34,275 #4 INFO] read_source_models  50% [of 20 tasks]
[2019-07-04 10:52:53,445 #4 INFO] read_source_models  55% [of 20 tasks]
[2019-07-04 10:52:59,372 #4 INFO] read_source_models  60% [of 20 tasks]
[2019-07-04 10:53:22,862 #4 INFO] read_source_models  65% [of 20 tasks]
[2019-07-04 10:53:24,579 #4 INFO] read_source_models  70% [of 20 tasks]
[2019-07-04 10:53:24,726 #4 INFO] read_source_models  75% [of 20 tasks]
[2019-07-04 10:53:24,962 #4 INFO] read_source_models  80% [of 20 tasks]
[2019-07-04 10:53:38,088 #4 INFO] read_source_models  85% [of 20 tasks]
[2019-07-04 10:53:49,417 #4 INFO] read_source_models  90% [of 20 tasks]
[2019-07-04 10:53:50,590 #4 INFO] read_source_models  95% [of 20 tasks]
[2019-07-04 10:53:50,814 #4 INFO] read_source_models 100% [of 20 tasks]
[2019-07-04 10:53:50,891 #4 INFO] Received 820.42 MB from 20 read_source_models outputs in 138 seconds, biggest output=99.72 MB
[2019-07-04 10:53:51,781 #4 INFO] Processed source model 1 with 294 gsim path(s) and 66378 sources
[2019-07-04 10:53:52,003 #4 INFO] Processed source model 2 with 294 gsim path(s) and 96 sources
[2019-07-04 10:53:52,121 #4 INFO] Processed source model 3 with 294 gsim path(s) and 127 sources
[2019-07-04 10:53:54,200 #4 INFO] Processed source model 4 with 294 gsim path(s) and 153357 sources
[2019-07-04 10:53:56,850 #4 INFO] Processed source model 5 with 294 gsim path(s) and 155018 sources
[2019-07-04 10:54:00,552 #4 INFO] Processed source model 6 with 294 gsim path(s) and 157927 sources
[2019-07-04 10:54:01,062 #4 INFO] Processed source model 7 with 294 gsim path(s) and 70 sources
[2019-07-04 10:54:01,164 #4 INFO] Processed source model 8 with 294 gsim path(s) and 76 sources
[2019-07-04 10:54:01,222 #4 INFO] Processed source model 9 with 294 gsim path(s) and 70 sources
[2019-07-04 10:54:01,355 #4 INFO] Processed source model 10 with 294 gsim path(s) and 78 sources
[2019-07-04 10:54:01,547 #4 INFO] Processed source model 11 with 294 gsim path(s) and 72 sources
[2019-07-04 10:54:03,296 #4 INFO] Processed source model 12 with 294 gsim path(s) and 122912 sources
[2019-07-04 10:54:03,813 #4 INFO] Processed source model 13 with 294 gsim path(s) and 64 sources
[2019-07-04 10:54:05,598 #4 INFO] Processed source model 14 with 294 gsim path(s) and 120846 sources
[2019-07-04 10:54:07,419 #4 INFO] Processed source model 15 with 294 gsim path(s) and 102697 sources
[2019-07-04 10:54:09,020 #4 INFO] Processed source model 16 with 294 gsim path(s) and 103076 sources
[2019-07-04 10:54:11,881 #4 INFO] Processed source model 17 with 294 gsim path(s) and 121225 sources
[2019-07-04 10:54:14,109 #4 INFO] Processed source model 18 with 294 gsim path(s) and 123291 sources
[2019-07-04 10:54:15,971 #4 INFO] Processed source model 19 with 294 gsim path(s) and 66757 sources
[2019-07-04 10:54:16,200 #4 INFO] Processed source model 20 with 294 gsim path(s) and 188 sources
[2019-07-04 10:54:16,275 #4 INFO] The composite source model has 78,858,213 ruptures
[2019-07-04 10:54:25,366 #4 INFO] Max ruptures per task = 93879
[2019-07-04 10:55:16,667 #4 INFO] Sent 1294325 sources in 796 tasks
[2019-07-04 10:55:17,311 #4 INFO] Sent 801.04 MB of data in 796 classical_split_filter task(s)
[2019-07-04 10:55:17,421 #4 INFO] classical_split_filter   1% [of 796 tasks]
[2019-07-04 10:55:17,719 #4 INFO] classical_split_filter   2% [of 796 tasks]
[2019-07-04 10:55:17,807 #4 INFO] classical_split_filter   3% [of 796 tasks]
[2019-07-04 10:55:17,899 #4 INFO] classical_split_filter   4% [of 796 tasks]
[2019-07-04 10:55:17,975 #4 INFO] classical_split_filter   5% [of 796 tasks]
[2019-07-04 10:55:18,075 #4 INFO] classical_split_filter   6% [of 796 tasks]
[2019-07-04 10:55:18,132 #4 INFO] classical_split_filter   7% [of 796 tasks]
[2019-07-04 10:55:18,252 #4 INFO] classical_split_filter   8% [of 796 tasks]
[2019-07-04 10:55:18,329 #4 INFO] classical_split_filter   9% [of 796 tasks]
[2019-07-04 10:55:18,803 #4 INFO] classical_split_filter  10% [of 796 tasks]
[2019-07-04 10:55:19,629 #4 INFO] classical_split_filter  11% [of 796 tasks]
[2019-07-04 10:55:20,245 #4 INFO] classical_split_filter  12% [of 796 tasks]
[2019-07-04 10:55:20,778 #4 INFO] classical_split_filter  13% [of 796 tasks]
[2019-07-04 10:55:23,759 #4 INFO] classical_split_filter  14% [of 796 tasks]
[2019-07-04 10:55:24,963 #4 INFO] classical_split_filter  15% [of 796 tasks]
[2019-07-04 10:55:25,279 #4 INFO] classical_split_filter  16% [of 796 tasks]
[2019-07-04 10:55:25,588 #4 INFO] classical_split_filter  17% [of 796 tasks]
[2019-07-04 10:55:25,690 #4 INFO] classical_split_filter  18% [of 796 tasks]
[2019-07-04 10:55:26,403 #4 INFO] classical_split_filter  19% [of 796 tasks]
[2019-07-04 10:55:27,183 #4 INFO] classical_split_filter  20% [of 796 tasks]
[2019-07-04 10:55:28,230 #4 INFO] classical_split_filter  21% [of 796 tasks]
[2019-07-04 10:55:29,268 #4 INFO] classical_split_filter  22% [of 796 tasks]
[2019-07-04 10:55:30,633 #4 INFO] classical_split_filter  23% [of 796 tasks]
[2019-07-04 10:55:30,872 #4 INFO] classical_split_filter  24% [of 796 tasks]
[2019-07-04 10:55:31,232 #4 INFO] classical_split_filter  25% [of 796 tasks]
[2019-07-04 10:55:31,540 #4 INFO] classical_split_filter  26% [of 796 tasks]
[2019-07-04 10:55:31,699 #4 INFO] classical_split_filter  27% [of 796 tasks]
[2019-07-04 10:55:31,931 #4 INFO] classical_split_filter  28% [of 796 tasks]
[2019-07-04 10:55:32,004 #4 INFO] classical_split_filter  29% [of 796 tasks]
[2019-07-04 10:55:32,366 #4 INFO] classical_split_filter  30% [of 796 tasks]
[2019-07-04 10:55:33,521 #4 INFO] classical_split_filter  31% [of 796 tasks]
[2019-07-04 10:55:34,060 #4 INFO] classical_split_filter  32% [of 796 tasks]
[2019-07-04 10:55:34,157 #4 INFO] classical_split_filter  33% [of 796 tasks]
[2019-07-04 10:55:34,598 #4 INFO] classical_split_filter  34% [of 796 tasks]
[2019-07-04 10:55:36,439 #4 INFO] classical_split_filter  35% [of 796 tasks]
[2019-07-04 10:55:38,827 #4 INFO] classical_split_filter  36% [of 796 tasks]
[2019-07-04 10:55:40,129 #4 INFO] classical_split_filter  37% [of 796 tasks]
[2019-07-04 10:55:40,553 #4 INFO] classical_split_filter  38% [of 796 tasks]
[2019-07-04 10:55:42,310 #4 INFO] classical_split_filter  39% [of 796 tasks]
[2019-07-04 10:55:42,951 #4 INFO] classical_split_filter  40% [of 796 tasks]
[2019-07-04 10:55:44,122 #4 INFO] classical_split_filter  41% [of 796 tasks]
[2019-07-04 10:55:44,229 #4 INFO] classical_split_filter  42% [of 796 tasks]
[2019-07-04 10:55:44,435 #4 INFO] classical_split_filter  43% [of 796 tasks]
[2019-07-04 10:55:45,182 #4 INFO] classical_split_filter  44% [of 796 tasks]
[2019-07-04 10:55:45,534 #4 INFO] classical_split_filter  45% [of 796 tasks]
[2019-07-04 10:55:46,087 #4 INFO] classical_split_filter  46% [of 796 tasks]
[2019-07-04 10:55:46,546 #4 INFO] classical_split_filter  47% [of 796 tasks]
[2019-07-04 10:55:47,414 #4 INFO] classical_split_filter  48% [of 796 tasks]
[2019-07-04 10:55:47,882 #4 INFO] classical_split_filter  49% [of 796 tasks]
[2019-07-04 10:55:48,127 #4 INFO] classical_split_filter  50% [of 796 tasks]
[2019-07-04 10:55:48,283 #4 INFO] classical_split_filter  51% [of 796 tasks]
[2019-07-04 10:55:49,044 #4 INFO] classical_split_filter  52% [of 796 tasks]
[2019-07-04 10:55:49,886 #4 INFO] classical_split_filter  53% [of 796 tasks]
[2019-07-04 10:55:50,585 #4 INFO] classical_split_filter  54% [of 796 tasks]
[2019-07-04 10:55:51,128 #4 INFO] classical_split_filter  55% [of 796 tasks]
[2019-07-04 10:55:51,847 #4 INFO] classical_split_filter  56% [of 796 tasks]
[2019-07-04 10:55:52,453 #4 INFO] classical_split_filter  57% [of 796 tasks]
[2019-07-04 10:55:53,752 #4 INFO] classical_split_filter  58% [of 796 tasks]
[2019-07-04 10:56:04,524 #4 INFO] classical_split_filter  59% [of 796 tasks]
[2019-07-04 10:56:06,899 #4 INFO] classical_split_filter  60% [of 796 tasks]
[2019-07-04 10:56:08,467 #4 INFO] classical_split_filter  61% [of 796 tasks]
[2019-07-04 10:56:08,737 #4 INFO] classical_split_filter  62% [of 796 tasks]
[2019-07-04 10:56:08,821 #4 INFO] classical_split_filter  63% [of 796 tasks]
[2019-07-04 10:56:08,929 #4 INFO] classical_split_filter  64% [of 796 tasks]
[2019-07-04 10:56:09,054 #4 INFO] classical_split_filter  65% [of 796 tasks]
[2019-07-04 10:56:09,157 #4 INFO] classical_split_filter  66% [of 796 tasks]
[2019-07-04 10:56:09,240 #4 INFO] classical_split_filter  67% [of 796 tasks]
[2019-07-04 10:56:09,320 #4 INFO] classical_split_filter  68% [of 796 tasks]
[2019-07-04 10:56:09,437 #4 INFO] classical_split_filter  69% [of 796 tasks]
[2019-07-04 10:56:09,527 #4 INFO] classical_split_filter  70% [of 796 tasks]
[2019-07-04 10:56:10,980 #4 INFO] classical_split_filter  71% [of 796 tasks]
[2019-07-04 10:56:12,168 #4 INFO] classical_split_filter  72% [of 796 tasks]
[2019-07-04 10:56:12,562 #4 INFO] classical_split_filter  73% [of 796 tasks]
[2019-07-04 10:56:12,796 #4 INFO] classical_split_filter  74% [of 796 tasks]
[2019-07-04 10:56:12,995 #4 INFO] classical_split_filter  75% [of 796 tasks]
[2019-07-04 10:56:13,121 #4 INFO] classical_split_filter  76% [of 796 tasks]
[2019-07-04 10:56:13,246 #4 INFO] classical_split_filter  77% [of 796 tasks]
[2019-07-04 10:56:13,370 #4 INFO] classical_split_filter  78% [of 796 tasks]
[2019-07-04 10:56:13,461 #4 INFO] classical_split_filter  79% [of 796 tasks]
[2019-07-04 10:56:13,549 #4 INFO] classical_split_filter  80% [of 796 tasks]
[2019-07-04 10:56:13,600 #4 INFO] classical_split_filter  81% [of 796 tasks]
[2019-07-04 10:56:13,686 #4 INFO] classical_split_filter  82% [of 796 tasks]
[2019-07-04 10:56:13,787 #4 INFO] classical_split_filter  83% [of 796 tasks]
[2019-07-04 10:56:14,476 #4 INFO] classical_split_filter  84% [of 796 tasks]
[2019-07-04 10:56:14,830 #4 INFO] classical_split_filter  85% [of 796 tasks]
[2019-07-04 10:56:14,998 #4 INFO] classical_split_filter  86% [of 796 tasks]
[2019-07-04 10:56:15,095 #4 INFO] classical_split_filter  87% [of 796 tasks]
[2019-07-04 10:56:15,187 #4 INFO] classical_split_filter  88% [of 796 tasks]
[2019-07-04 10:56:15,296 #4 INFO] classical_split_filter  89% [of 796 tasks]
[2019-07-04 10:56:15,396 #4 INFO] classical_split_filter  90% [of 796 tasks]
[2019-07-04 10:56:15,488 #4 INFO] classical_split_filter  91% [of 796 tasks]
[2019-07-04 10:56:15,663 #4 INFO] classical_split_filter  92% [of 796 tasks]
[2019-07-04 10:56:15,730 #4 INFO] classical_split_filter  93% [of 796 tasks]
[2019-07-04 10:56:15,772 #4 INFO] classical_split_filter  94% [of 796 tasks]
[2019-07-04 10:56:15,814 #4 INFO] classical_split_filter  95% [of 796 tasks]
[2019-07-04 10:56:15,887 #4 INFO] classical_split_filter  96% [of 796 tasks]
[2019-07-04 10:56:16,113 #4 INFO] classical_split_filter  97% [of 796 tasks]
[2019-07-04 10:56:26,995 #4 INFO] classical_split_filter  98% [of 796 tasks]
[2019-07-04 10:56:48,688 #4 INFO] classical_split_filter  99% [of 796 tasks]
[2019-07-04 10:58:04,441 #4 INFO] classical_split_filter 100% [of 796 tasks]
[2019-07-04 10:58:05,058 #4 INFO] Received 748.15 MB from 326 classical_split_filter outputs in 167 seconds, biggest output=19.15 MB
[2019-07-04 10:58:05,177 #4 INFO] Received {'pmap': '502.88 KB', 'calc_times': '3.51 MB', 'eff_ruptures': '24.5 KB', 'rup_data': '738.08 MB', 'nsites': '571.65 KB'}
[2019-07-04 10:58:05,478 #4 INFO] There are 840 realization(s)
[2019-07-04 11:01:11,836 #4 INFO] Building hazard statistics
[2019-07-04 11:01:13,077 #4 INFO] Sent 0 B of data in 1 build_hazard_stats task(s)
[2019-07-04 11:01:13,522 #4 INFO] build_hazard_stats 100% [of 1 tasks]
[2019-07-04 11:01:13,706 #4 INFO] Received 629 B from 1 build_hazard_stats outputs in 0 seconds, biggest output=629 B
[2019-07-04 11:01:13,798 #4 INFO] Received {'rlz_by_sid': '172 B', 'hcurves-stats': '536 B'}
[2019-07-04 11:01:14,253 #4 INFO] exported hcurves: ['/short/y57/hxr547/York/PSHA_PGA/hazard_curve-mean-PGA_4.csv']
[2019-07-04 11:01:14,343 #4 INFO] Exposing the outputs to the database
[2019-07-04 11:01:17,489 #4 INFO] Calculation 4 finished correctly in 598 seconds
  id | name
   1 | Full Report
   2 | Hazard Curves
   3 | Input Files
   4 | Realizations
   5 | Seismic Source Groups
