WARNING:root:DB server started with /apps/openquake/3.1/oqenv/bin/python3.5 on tcp://10.9.65.41:1908, pid 52861
WARNING:root:The parameter 'pointsource_distance' is unknown, ignoring
INFO:root:zipping the input files
[2019-07-04 09:31:44,332 #3 INFO] Running /short/y57/hxr547/York/job_PSHA.ini
[2019-07-04 09:31:44,403 #3 INFO] Using engine version 3.1.0-gite54577f
[2019-07-04 09:31:47,170 #3 INFO] Reading the risk model if present
[2019-07-04 09:31:47,578 #3 INFO] Read 1 hazard sites
[2019-07-04 09:31:47,691 #3 INFO] Reading /short/y57/hxr547/scenario_Perth/NSHA18/input/cuthbertson2018_source_model_banda.xml
[2019-07-04 09:32:21,527 #3 INFO] Instantiated 10000 sources from /short/y57/hxr547/scenario_Perth/NSHA18/input/cuthbertson2018_source_model_banda.xml
[2019-07-04 09:32:22,684 #3 INFO] Instantiated 20000 sources from /short/y57/hxr547/scenario_Perth/NSHA18/input/cuthbertson2018_source_model_banda.xml
[2019-07-04 09:32:23,922 #3 INFO] Instantiated 30000 sources from /short/y57/hxr547/scenario_Perth/NSHA18/input/cuthbertson2018_source_model_banda.xml
[2019-07-04 09:32:25,922 #3 INFO] Instantiated 40000 sources from /short/y57/hxr547/scenario_Perth/NSHA18/input/cuthbertson2018_source_model_banda.xml
[2019-07-04 09:32:27,143 #3 INFO] Instantiated 50000 sources from /short/y57/hxr547/scenario_Perth/NSHA18/input/cuthbertson2018_source_model_banda.xml
[2019-07-04 09:32:28,455 #3 INFO] Instantiated 60000 sources from /short/y57/hxr547/scenario_Perth/NSHA18/input/cuthbertson2018_source_model_banda.xml
[2019-07-04 09:32:56,762 #3 INFO] Processed source model 1 with 294 potential gsim path(s) and 66378 sources
[2019-07-04 09:32:57,877 #3 INFO] Reading /short/y57/hxr547/scenario_Perth/NSHA18/input/NSHA13_collapsed.xml
[2019-07-04 09:33:33,599 #3 INFO] Processed source model 2 with 294 potential gsim path(s) and 96 sources
[2019-07-04 09:33:33,840 #3 INFO] Reading /short/y57/hxr547/scenario_Perth/NSHA18/input/DIMAUS_collapsed.xml
[2019-07-04 09:34:08,696 #3 INFO] Processed source model 3 with 294 potential gsim path(s) and 127 sources
[2019-07-04 09:34:08,827 #3 INFO] Reading /short/y57/hxr547/scenario_Perth/NSHA18/input/NFSM_NSHA13_National_Fault_Source_Model_2018_Collapsed_NSHA13_2018__all_methods_collapsed_inc_cluster.xml
[2019-07-04 09:35:36,085 #3 INFO] Instantiated 10000 sources from /short/y57/hxr547/scenario_Perth/NSHA18/input/NFSM_NSHA13_National_Fault_Source_Model_2018_Collapsed_NSHA13_2018__all_methods_collapsed_inc_cluster.xml
[2019-07-04 09:35:37,798 #3 INFO] Instantiated 20000 sources from /short/y57/hxr547/scenario_Perth/NSHA18/input/NFSM_NSHA13_National_Fault_Source_Model_2018_Collapsed_NSHA13_2018__all_methods_collapsed_inc_cluster.xml
[2019-07-04 09:35:39,039 #3 INFO] Instantiated 30000 sources from /short/y57/hxr547/scenario_Perth/NSHA18/input/NFSM_NSHA13_National_Fault_Source_Model_2018_Collapsed_NSHA13_2018__all_methods_collapsed_inc_cluster.xml
[2019-07-04 09:35:40,455 #3 INFO] Instantiated 40000 sources from /short/y57/hxr547/scenario_Perth/NSHA18/input/NFSM_NSHA13_National_Fault_Source_Model_2018_Collapsed_NSHA13_2018__all_methods_collapsed_inc_cluster.xml
[2019-07-04 09:35:41,863 #3 INFO] Instantiated 50000 sources from /short/y57/hxr547/scenario_Perth/NSHA18/input/NFSM_NSHA13_National_Fault_Source_Model_2018_Collapsed_NSHA13_2018__all_methods_collapsed_inc_cluster.xml
[2019-07-04 09:35:43,010 #3 INFO] Instantiated 60000 sources from /short/y57/hxr547/scenario_Perth/NSHA18/input/NFSM_NSHA13_National_Fault_Source_Model_2018_Collapsed_NSHA13_2018__all_methods_collapsed_inc_cluster.xml
[2019-07-04 09:35:44,330 #3 INFO] Instantiated 70000 sources from /short/y57/hxr547/scenario_Perth/NSHA18/input/NFSM_NSHA13_National_Fault_Source_Model_2018_Collapsed_NSHA13_2018__all_methods_collapsed_inc_cluster.xml
[2019-07-04 09:35:45,697 #3 INFO] Instantiated 80000 sources from /short/y57/hxr547/scenario_Perth/NSHA18/input/NFSM_NSHA13_National_Fault_Source_Model_2018_Collapsed_NSHA13_2018__all_methods_collapsed_inc_cluster.xml
[2019-07-04 09:35:47,001 #3 INFO] Instantiated 90000 sources from /short/y57/hxr547/scenario_Perth/NSHA18/input/NFSM_NSHA13_National_Fault_Source_Model_2018_Collapsed_NSHA13_2018__all_methods_collapsed_inc_cluster.xml
[2019-07-04 09:35:48,224 #3 INFO] Instantiated 100000 sources from /short/y57/hxr547/scenario_Perth/NSHA18/input/NFSM_NSHA13_National_Fault_Source_Model_2018_Collapsed_NSHA13_2018__all_methods_collapsed_inc_cluster.xml
[2019-07-04 09:35:52,166 #3 INFO] Instantiated 110000 sources from /short/y57/hxr547/scenario_Perth/NSHA18/input/NFSM_NSHA13_National_Fault_Source_Model_2018_Collapsed_NSHA13_2018__all_methods_collapsed_inc_cluster.xml
[2019-07-04 09:35:53,833 #3 INFO] Instantiated 120000 sources from /short/y57/hxr547/scenario_Perth/NSHA18/input/NFSM_NSHA13_National_Fault_Source_Model_2018_Collapsed_NSHA13_2018__all_methods_collapsed_inc_cluster.xml
[2019-07-04 09:35:55,039 #3 INFO] Instantiated 130000 sources from /short/y57/hxr547/scenario_Perth/NSHA18/input/NFSM_NSHA13_National_Fault_Source_Model_2018_Collapsed_NSHA13_2018__all_methods_collapsed_inc_cluster.xml
[2019-07-04 09:35:56,584 #3 INFO] Instantiated 140000 sources from /short/y57/hxr547/scenario_Perth/NSHA18/input/NFSM_NSHA13_National_Fault_Source_Model_2018_Collapsed_NSHA13_2018__all_methods_collapsed_inc_cluster.xml
[2019-07-04 09:35:57,838 #3 INFO] Instantiated 150000 sources from /short/y57/hxr547/scenario_Perth/NSHA18/input/NFSM_NSHA13_National_Fault_Source_Model_2018_Collapsed_NSHA13_2018__all_methods_collapsed_inc_cluster.xml
[2019-07-04 09:37:01,760 #3 INFO] Processed source model 4 with 294 potential gsim path(s) and 153357 sources
[2019-07-04 09:37:02,202 #3 INFO] Reading /short/y57/hxr547/scenario_Perth/NSHA18/input/NFSM_DIMAUS_National_Fault_Source_Model_2018_Collapsed_DIMAUS_2018__all_methods_collapsed_inc_cluster.xml
[2019-07-04 09:38:33,266 #3 INFO] Instantiated 10000 sources from /short/y57/hxr547/scenario_Perth/NSHA18/input/NFSM_DIMAUS_National_Fault_Source_Model_2018_Collapsed_DIMAUS_2018__all_methods_collapsed_inc_cluster.xml
[2019-07-04 09:38:34,492 #3 INFO] Instantiated 20000 sources from /short/y57/hxr547/scenario_Perth/NSHA18/input/NFSM_DIMAUS_National_Fault_Source_Model_2018_Collapsed_DIMAUS_2018__all_methods_collapsed_inc_cluster.xml
[2019-07-04 09:38:35,701 #3 INFO] Instantiated 30000 sources from /short/y57/hxr547/scenario_Perth/NSHA18/input/NFSM_DIMAUS_National_Fault_Source_Model_2018_Collapsed_DIMAUS_2018__all_methods_collapsed_inc_cluster.xml
[2019-07-04 09:38:36,856 #3 INFO] Instantiated 40000 sources from /short/y57/hxr547/scenario_Perth/NSHA18/input/NFSM_DIMAUS_National_Fault_Source_Model_2018_Collapsed_DIMAUS_2018__all_methods_collapsed_inc_cluster.xml
[2019-07-04 09:38:38,099 #3 INFO] Instantiated 50000 sources from /short/y57/hxr547/scenario_Perth/NSHA18/input/NFSM_DIMAUS_National_Fault_Source_Model_2018_Collapsed_DIMAUS_2018__all_methods_collapsed_inc_cluster.xml
[2019-07-04 09:38:39,417 #3 INFO] Instantiated 60000 sources from /short/y57/hxr547/scenario_Perth/NSHA18/input/NFSM_DIMAUS_National_Fault_Source_Model_2018_Collapsed_DIMAUS_2018__all_methods_collapsed_inc_cluster.xml
[2019-07-04 09:38:40,644 #3 INFO] Instantiated 70000 sources from /short/y57/hxr547/scenario_Perth/NSHA18/input/NFSM_DIMAUS_National_Fault_Source_Model_2018_Collapsed_DIMAUS_2018__all_methods_collapsed_inc_cluster.xml
[2019-07-04 09:38:41,895 #3 INFO] Instantiated 80000 sources from /short/y57/hxr547/scenario_Perth/NSHA18/input/NFSM_DIMAUS_National_Fault_Source_Model_2018_Collapsed_DIMAUS_2018__all_methods_collapsed_inc_cluster.xml
[2019-07-04 09:38:43,173 #3 INFO] Instantiated 90000 sources from /short/y57/hxr547/scenario_Perth/NSHA18/input/NFSM_DIMAUS_National_Fault_Source_Model_2018_Collapsed_DIMAUS_2018__all_methods_collapsed_inc_cluster.xml
[2019-07-04 09:38:44,452 #3 INFO] Instantiated 100000 sources from /short/y57/hxr547/scenario_Perth/NSHA18/input/NFSM_DIMAUS_National_Fault_Source_Model_2018_Collapsed_DIMAUS_2018__all_methods_collapsed_inc_cluster.xml
[2019-07-04 09:38:45,654 #3 INFO] Instantiated 110000 sources from /short/y57/hxr547/scenario_Perth/NSHA18/input/NFSM_DIMAUS_National_Fault_Source_Model_2018_Collapsed_DIMAUS_2018__all_methods_collapsed_inc_cluster.xml
[2019-07-04 09:38:46,843 #3 INFO] Instantiated 120000 sources from /short/y57/hxr547/scenario_Perth/NSHA18/input/NFSM_DIMAUS_National_Fault_Source_Model_2018_Collapsed_DIMAUS_2018__all_methods_collapsed_inc_cluster.xml
[2019-07-04 09:38:48,073 #3 INFO] Instantiated 130000 sources from /short/y57/hxr547/scenario_Perth/NSHA18/input/NFSM_DIMAUS_National_Fault_Source_Model_2018_Collapsed_DIMAUS_2018__all_methods_collapsed_inc_cluster.xml
[2019-07-04 09:38:49,323 #3 INFO] Instantiated 140000 sources from /short/y57/hxr547/scenario_Perth/NSHA18/input/NFSM_DIMAUS_National_Fault_Source_Model_2018_Collapsed_DIMAUS_2018__all_methods_collapsed_inc_cluster.xml
[2019-07-04 09:38:50,585 #3 INFO] Instantiated 150000 sources from /short/y57/hxr547/scenario_Perth/NSHA18/input/NFSM_DIMAUS_National_Fault_Source_Model_2018_Collapsed_DIMAUS_2018__all_methods_collapsed_inc_cluster.xml
[2019-07-04 09:40:06,936 #3 INFO] Processed source model 5 with 294 potential gsim path(s) and 155018 sources
[2019-07-04 09:40:07,954 #3 INFO] Reading /short/y57/hxr547/scenario_Perth/NSHA18/input/NFSM_AUS6_National_Fault_Source_Model_2018_Collapsed_AUS6_2018__all_methods_collapsed_inc_cluster.xml
[2019-07-04 09:41:40,005 #3 INFO] Instantiated 10000 sources from /short/y57/hxr547/scenario_Perth/NSHA18/input/NFSM_AUS6_National_Fault_Source_Model_2018_Collapsed_AUS6_2018__all_methods_collapsed_inc_cluster.xml
[2019-07-04 09:41:41,620 #3 INFO] Instantiated 20000 sources from /short/y57/hxr547/scenario_Perth/NSHA18/input/NFSM_AUS6_National_Fault_Source_Model_2018_Collapsed_AUS6_2018__all_methods_collapsed_inc_cluster.xml
[2019-07-04 09:41:42,797 #3 INFO] Instantiated 30000 sources from /short/y57/hxr547/scenario_Perth/NSHA18/input/NFSM_AUS6_National_Fault_Source_Model_2018_Collapsed_AUS6_2018__all_methods_collapsed_inc_cluster.xml
[2019-07-04 09:41:44,083 #3 INFO] Instantiated 40000 sources from /short/y57/hxr547/scenario_Perth/NSHA18/input/NFSM_AUS6_National_Fault_Source_Model_2018_Collapsed_AUS6_2018__all_methods_collapsed_inc_cluster.xml
[2019-07-04 09:41:45,320 #3 INFO] Instantiated 50000 sources from /short/y57/hxr547/scenario_Perth/NSHA18/input/NFSM_AUS6_National_Fault_Source_Model_2018_Collapsed_AUS6_2018__all_methods_collapsed_inc_cluster.xml
[2019-07-04 09:41:46,625 #3 INFO] Instantiated 60000 sources from /short/y57/hxr547/scenario_Perth/NSHA18/input/NFSM_AUS6_National_Fault_Source_Model_2018_Collapsed_AUS6_2018__all_methods_collapsed_inc_cluster.xml
[2019-07-04 09:41:47,915 #3 INFO] Instantiated 70000 sources from /short/y57/hxr547/scenario_Perth/NSHA18/input/NFSM_AUS6_National_Fault_Source_Model_2018_Collapsed_AUS6_2018__all_methods_collapsed_inc_cluster.xml
[2019-07-04 09:41:49,613 #3 INFO] Instantiated 80000 sources from /short/y57/hxr547/scenario_Perth/NSHA18/input/NFSM_AUS6_National_Fault_Source_Model_2018_Collapsed_AUS6_2018__all_methods_collapsed_inc_cluster.xml
[2019-07-04 09:41:50,919 #3 INFO] Instantiated 90000 sources from /short/y57/hxr547/scenario_Perth/NSHA18/input/NFSM_AUS6_National_Fault_Source_Model_2018_Collapsed_AUS6_2018__all_methods_collapsed_inc_cluster.xml
[2019-07-04 09:41:53,039 #3 INFO] Instantiated 100000 sources from /short/y57/hxr547/scenario_Perth/NSHA18/input/NFSM_AUS6_National_Fault_Source_Model_2018_Collapsed_AUS6_2018__all_methods_collapsed_inc_cluster.xml
[2019-07-04 09:41:54,457 #3 INFO] Instantiated 110000 sources from /short/y57/hxr547/scenario_Perth/NSHA18/input/NFSM_AUS6_National_Fault_Source_Model_2018_Collapsed_AUS6_2018__all_methods_collapsed_inc_cluster.xml
[2019-07-04 09:41:55,883 #3 INFO] Instantiated 120000 sources from /short/y57/hxr547/scenario_Perth/NSHA18/input/NFSM_AUS6_National_Fault_Source_Model_2018_Collapsed_AUS6_2018__all_methods_collapsed_inc_cluster.xml
[2019-07-04 09:41:57,314 #3 INFO] Instantiated 130000 sources from /short/y57/hxr547/scenario_Perth/NSHA18/input/NFSM_AUS6_National_Fault_Source_Model_2018_Collapsed_AUS6_2018__all_methods_collapsed_inc_cluster.xml
[2019-07-04 09:42:08,324 #3 INFO] Instantiated 140000 sources from /short/y57/hxr547/scenario_Perth/NSHA18/input/NFSM_AUS6_National_Fault_Source_Model_2018_Collapsed_AUS6_2018__all_methods_collapsed_inc_cluster.xml
[2019-07-04 09:42:09,600 #3 INFO] Instantiated 150000 sources from /short/y57/hxr547/scenario_Perth/NSHA18/input/NFSM_AUS6_National_Fault_Source_Model_2018_Collapsed_AUS6_2018__all_methods_collapsed_inc_cluster.xml
[2019-07-04 09:43:04,539 #3 INFO] Processed source model 6 with 294 potential gsim path(s) and 157927 sources
[2019-07-04 09:43:05,604 #3 INFO] Reading /short/y57/hxr547/scenario_Perth/NSHA18/input/Leonard2008_collapsed.xml
[2019-07-04 09:43:37,244 #3 INFO] Processed source model 7 with 294 potential gsim path(s) and 70 sources
[2019-07-04 09:43:38,523 #3 INFO] Reading /short/y57/hxr547/scenario_Perth/NSHA18/input/Domains_collapsed.xml
[2019-07-04 09:44:20,580 #3 WARNING] <AreaSource DOM_WAEP>.count_ruptures took 10 seconds, perhaps the area discretization is too small
[2019-07-04 09:44:30,970 #3 INFO] Processed source model 8 with 294 potential gsim path(s) and 76 sources
[2019-07-04 09:44:32,396 #3 INFO] Reading /short/y57/hxr547/scenario_Perth/NSHA18/input/SIN_MCC_collapsed.xml
[2019-07-04 09:45:08,525 #3 INFO] Processed source model 9 with 294 potential gsim path(s) and 70 sources
[2019-07-04 09:45:08,851 #3 INFO] Reading /short/y57/hxr547/scenario_Perth/NSHA18/input/ARUP_collapsed.xml
[2019-07-04 09:45:42,748 #3 INFO] Processed source model 10 with 294 potential gsim path(s) and 78 sources
[2019-07-04 09:45:43,695 #3 INFO] Reading /short/y57/hxr547/scenario_Perth/NSHA18/input/ARUP_Background_collapsed.xml
[2019-07-04 09:46:18,160 #3 INFO] Processed source model 11 with 294 potential gsim path(s) and 72 sources
[2019-07-04 09:46:18,424 #3 INFO] Reading /short/y57/hxr547/scenario_Perth/NSHA18/input/Hall2007_2018_banda.xml
[2019-07-04 09:47:35,676 #3 INFO] Instantiated 10000 sources from /short/y57/hxr547/scenario_Perth/NSHA18/input/Hall2007_2018_banda.xml
[2019-07-04 09:47:37,553 #3 INFO] Instantiated 20000 sources from /short/y57/hxr547/scenario_Perth/NSHA18/input/Hall2007_2018_banda.xml
[2019-07-04 09:47:39,234 #3 INFO] Instantiated 30000 sources from /short/y57/hxr547/scenario_Perth/NSHA18/input/Hall2007_2018_banda.xml
[2019-07-04 09:47:40,809 #3 INFO] Instantiated 40000 sources from /short/y57/hxr547/scenario_Perth/NSHA18/input/Hall2007_2018_banda.xml
[2019-07-04 09:47:42,200 #3 INFO] Instantiated 50000 sources from /short/y57/hxr547/scenario_Perth/NSHA18/input/Hall2007_2018_banda.xml
[2019-07-04 09:47:43,482 #3 INFO] Instantiated 60000 sources from /short/y57/hxr547/scenario_Perth/NSHA18/input/Hall2007_2018_banda.xml
[2019-07-04 09:47:44,726 #3 INFO] Instantiated 70000 sources from /short/y57/hxr547/scenario_Perth/NSHA18/input/Hall2007_2018_banda.xml
[2019-07-04 09:47:46,068 #3 INFO] Instantiated 80000 sources from /short/y57/hxr547/scenario_Perth/NSHA18/input/Hall2007_2018_banda.xml
[2019-07-04 09:47:47,735 #3 INFO] Instantiated 90000 sources from /short/y57/hxr547/scenario_Perth/NSHA18/input/Hall2007_2018_banda.xml
[2019-07-04 09:47:49,082 #3 INFO] Instantiated 100000 sources from /short/y57/hxr547/scenario_Perth/NSHA18/input/Hall2007_2018_banda.xml
[2019-07-04 09:47:50,358 #3 INFO] Instantiated 110000 sources from /short/y57/hxr547/scenario_Perth/NSHA18/input/Hall2007_2018_banda.xml
[2019-07-04 09:47:51,661 #3 INFO] Instantiated 120000 sources from /short/y57/hxr547/scenario_Perth/NSHA18/input/Hall2007_2018_banda.xml
[2019-07-04 09:48:48,298 #3 INFO] Processed source model 12 with 294 potential gsim path(s) and 122912 sources
[2019-07-04 09:48:48,636 #3 INFO] Reading /short/y57/hxr547/scenario_Perth/NSHA18/input/NSHA13_BACKGROUND_collapsed.xml
[2019-07-04 09:49:02,707 #3 WARNING] <AreaSource NSHMB_CBGZ>.count_ruptures took 13 seconds, perhaps the area discretization is too small
[2019-07-04 09:49:57,098 #3 WARNING] <AreaSource NSHMB_EBGZ>.count_ruptures took 50 seconds, perhaps the area discretization is too small
[2019-07-04 09:50:15,595 #3 INFO] Processed source model 13 with 294 potential gsim path(s) and 64 sources
[2019-07-04 09:50:15,966 #3 INFO] Reading /short/y57/hxr547/scenario_Perth/NSHA18/input/GA_adaptive_smoothing_collapsed_K3_single_corner_completeness_banda.xml
[2019-07-04 09:51:29,441 #3 INFO] Instantiated 10000 sources from /short/y57/hxr547/scenario_Perth/NSHA18/input/GA_adaptive_smoothing_collapsed_K3_single_corner_completeness_banda.xml
[2019-07-04 09:51:30,730 #3 INFO] Instantiated 20000 sources from /short/y57/hxr547/scenario_Perth/NSHA18/input/GA_adaptive_smoothing_collapsed_K3_single_corner_completeness_banda.xml
[2019-07-04 09:51:31,915 #3 INFO] Instantiated 30000 sources from /short/y57/hxr547/scenario_Perth/NSHA18/input/GA_adaptive_smoothing_collapsed_K3_single_corner_completeness_banda.xml
[2019-07-04 09:51:33,598 #3 INFO] Instantiated 40000 sources from /short/y57/hxr547/scenario_Perth/NSHA18/input/GA_adaptive_smoothing_collapsed_K3_single_corner_completeness_banda.xml
[2019-07-04 09:51:34,791 #3 INFO] Instantiated 50000 sources from /short/y57/hxr547/scenario_Perth/NSHA18/input/GA_adaptive_smoothing_collapsed_K3_single_corner_completeness_banda.xml
[2019-07-04 09:51:35,981 #3 INFO] Instantiated 60000 sources from /short/y57/hxr547/scenario_Perth/NSHA18/input/GA_adaptive_smoothing_collapsed_K3_single_corner_completeness_banda.xml
[2019-07-04 09:51:37,135 #3 INFO] Instantiated 70000 sources from /short/y57/hxr547/scenario_Perth/NSHA18/input/GA_adaptive_smoothing_collapsed_K3_single_corner_completeness_banda.xml
[2019-07-04 09:51:38,310 #3 INFO] Instantiated 80000 sources from /short/y57/hxr547/scenario_Perth/NSHA18/input/GA_adaptive_smoothing_collapsed_K3_single_corner_completeness_banda.xml
[2019-07-04 09:51:39,502 #3 INFO] Instantiated 90000 sources from /short/y57/hxr547/scenario_Perth/NSHA18/input/GA_adaptive_smoothing_collapsed_K3_single_corner_completeness_banda.xml
[2019-07-04 09:51:40,669 #3 INFO] Instantiated 100000 sources from /short/y57/hxr547/scenario_Perth/NSHA18/input/GA_adaptive_smoothing_collapsed_K3_single_corner_completeness_banda.xml
[2019-07-04 09:51:41,827 #3 INFO] Instantiated 110000 sources from /short/y57/hxr547/scenario_Perth/NSHA18/input/GA_adaptive_smoothing_collapsed_K3_single_corner_completeness_banda.xml
[2019-07-04 09:51:43,033 #3 INFO] Instantiated 120000 sources from /short/y57/hxr547/scenario_Perth/NSHA18/input/GA_adaptive_smoothing_collapsed_K3_single_corner_completeness_banda.xml
[2019-07-04 09:52:19,163 #3 INFO] Processed source model 14 with 294 potential gsim path(s) and 120846 sources
[2019-07-04 09:52:19,973 #3 INFO] Reading /short/y57/hxr547/scenario_Perth/NSHA18/input/GA_fixed_smoothing_50_3_collapsed_single_corner_completeness_banda.xml
[2019-07-04 09:53:31,859 #3 INFO] Instantiated 10000 sources from /short/y57/hxr547/scenario_Perth/NSHA18/input/GA_fixed_smoothing_50_3_collapsed_single_corner_completeness_banda.xml
[2019-07-04 09:53:33,811 #3 INFO] Instantiated 20000 sources from /short/y57/hxr547/scenario_Perth/NSHA18/input/GA_fixed_smoothing_50_3_collapsed_single_corner_completeness_banda.xml
[2019-07-04 09:53:35,625 #3 INFO] Instantiated 30000 sources from /short/y57/hxr547/scenario_Perth/NSHA18/input/GA_fixed_smoothing_50_3_collapsed_single_corner_completeness_banda.xml
[2019-07-04 09:53:36,973 #3 INFO] Instantiated 40000 sources from /short/y57/hxr547/scenario_Perth/NSHA18/input/GA_fixed_smoothing_50_3_collapsed_single_corner_completeness_banda.xml
[2019-07-04 09:53:38,929 #3 INFO] Instantiated 50000 sources from /short/y57/hxr547/scenario_Perth/NSHA18/input/GA_fixed_smoothing_50_3_collapsed_single_corner_completeness_banda.xml
[2019-07-04 09:53:40,318 #3 INFO] Instantiated 60000 sources from /short/y57/hxr547/scenario_Perth/NSHA18/input/GA_fixed_smoothing_50_3_collapsed_single_corner_completeness_banda.xml
[2019-07-04 09:53:41,675 #3 INFO] Instantiated 70000 sources from /short/y57/hxr547/scenario_Perth/NSHA18/input/GA_fixed_smoothing_50_3_collapsed_single_corner_completeness_banda.xml
[2019-07-04 09:53:42,957 #3 INFO] Instantiated 80000 sources from /short/y57/hxr547/scenario_Perth/NSHA18/input/GA_fixed_smoothing_50_3_collapsed_single_corner_completeness_banda.xml
[2019-07-04 09:53:44,206 #3 INFO] Instantiated 90000 sources from /short/y57/hxr547/scenario_Perth/NSHA18/input/GA_fixed_smoothing_50_3_collapsed_single_corner_completeness_banda.xml
[2019-07-04 09:53:45,387 #3 INFO] Instantiated 100000 sources from /short/y57/hxr547/scenario_Perth/NSHA18/input/GA_fixed_smoothing_50_3_collapsed_single_corner_completeness_banda.xml
[2019-07-04 09:54:21,519 #3 INFO] Processed source model 15 with 294 potential gsim path(s) and 102697 sources
[2019-07-04 09:54:22,392 #3 INFO] Reading /short/y57/hxr547/scenario_Perth/NSHA18/input/GA_NFSM_fixed_smoothing_50_3_collapsed_single_corner_completeness_banda_nfsm.xml
[2019-07-04 09:55:38,405 #3 INFO] Instantiated 10000 sources from /short/y57/hxr547/scenario_Perth/NSHA18/input/GA_NFSM_fixed_smoothing_50_3_collapsed_single_corner_completeness_banda_nfsm.xml
[2019-07-04 09:55:40,174 #3 INFO] Instantiated 20000 sources from /short/y57/hxr547/scenario_Perth/NSHA18/input/GA_NFSM_fixed_smoothing_50_3_collapsed_single_corner_completeness_banda_nfsm.xml
[2019-07-04 09:55:41,748 #3 INFO] Instantiated 30000 sources from /short/y57/hxr547/scenario_Perth/NSHA18/input/GA_NFSM_fixed_smoothing_50_3_collapsed_single_corner_completeness_banda_nfsm.xml
[2019-07-04 09:55:43,279 #3 INFO] Instantiated 40000 sources from /short/y57/hxr547/scenario_Perth/NSHA18/input/GA_NFSM_fixed_smoothing_50_3_collapsed_single_corner_completeness_banda_nfsm.xml
[2019-07-04 09:55:44,736 #3 INFO] Instantiated 50000 sources from /short/y57/hxr547/scenario_Perth/NSHA18/input/GA_NFSM_fixed_smoothing_50_3_collapsed_single_corner_completeness_banda_nfsm.xml
[2019-07-04 09:55:46,318 #3 INFO] Instantiated 60000 sources from /short/y57/hxr547/scenario_Perth/NSHA18/input/GA_NFSM_fixed_smoothing_50_3_collapsed_single_corner_completeness_banda_nfsm.xml
[2019-07-04 09:55:48,278 #3 INFO] Instantiated 70000 sources from /short/y57/hxr547/scenario_Perth/NSHA18/input/GA_NFSM_fixed_smoothing_50_3_collapsed_single_corner_completeness_banda_nfsm.xml
[2019-07-04 09:55:50,295 #3 INFO] Instantiated 80000 sources from /short/y57/hxr547/scenario_Perth/NSHA18/input/GA_NFSM_fixed_smoothing_50_3_collapsed_single_corner_completeness_banda_nfsm.xml
[2019-07-04 09:55:52,250 #3 INFO] Instantiated 90000 sources from /short/y57/hxr547/scenario_Perth/NSHA18/input/GA_NFSM_fixed_smoothing_50_3_collapsed_single_corner_completeness_banda_nfsm.xml
[2019-07-04 09:55:53,616 #3 INFO] Instantiated 100000 sources from /short/y57/hxr547/scenario_Perth/NSHA18/input/GA_NFSM_fixed_smoothing_50_3_collapsed_single_corner_completeness_banda_nfsm.xml
[2019-07-04 09:56:32,309 #3 INFO] Processed source model 16 with 294 potential gsim path(s) and 103076 sources
[2019-07-04 09:56:32,727 #3 INFO] Reading /short/y57/hxr547/scenario_Perth/NSHA18/input/GA_NFSM_adaptive_smoothing_collapsed_K3_single_corner_completeness_banda_nfsm.xml
[2019-07-04 09:57:57,356 #3 INFO] Instantiated 10000 sources from /short/y57/hxr547/scenario_Perth/NSHA18/input/GA_NFSM_adaptive_smoothing_collapsed_K3_single_corner_completeness_banda_nfsm.xml
[2019-07-04 09:57:59,415 #3 INFO] Instantiated 20000 sources from /short/y57/hxr547/scenario_Perth/NSHA18/input/GA_NFSM_adaptive_smoothing_collapsed_K3_single_corner_completeness_banda_nfsm.xml
[2019-07-04 09:58:01,411 #3 INFO] Instantiated 30000 sources from /short/y57/hxr547/scenario_Perth/NSHA18/input/GA_NFSM_adaptive_smoothing_collapsed_K3_single_corner_completeness_banda_nfsm.xml
[2019-07-04 09:58:04,227 #3 INFO] Instantiated 40000 sources from /short/y57/hxr547/scenario_Perth/NSHA18/input/GA_NFSM_adaptive_smoothing_collapsed_K3_single_corner_completeness_banda_nfsm.xml
[2019-07-04 09:58:05,481 #3 INFO] Instantiated 50000 sources from /short/y57/hxr547/scenario_Perth/NSHA18/input/GA_NFSM_adaptive_smoothing_collapsed_K3_single_corner_completeness_banda_nfsm.xml
[2019-07-04 09:58:07,434 #3 INFO] Instantiated 60000 sources from /short/y57/hxr547/scenario_Perth/NSHA18/input/GA_NFSM_adaptive_smoothing_collapsed_K3_single_corner_completeness_banda_nfsm.xml
[2019-07-04 09:58:09,080 #3 INFO] Instantiated 70000 sources from /short/y57/hxr547/scenario_Perth/NSHA18/input/GA_NFSM_adaptive_smoothing_collapsed_K3_single_corner_completeness_banda_nfsm.xml
[2019-07-04 09:58:10,531 #3 INFO] Instantiated 80000 sources from /short/y57/hxr547/scenario_Perth/NSHA18/input/GA_NFSM_adaptive_smoothing_collapsed_K3_single_corner_completeness_banda_nfsm.xml
[2019-07-04 09:58:11,843 #3 INFO] Instantiated 90000 sources from /short/y57/hxr547/scenario_Perth/NSHA18/input/GA_NFSM_adaptive_smoothing_collapsed_K3_single_corner_completeness_banda_nfsm.xml
[2019-07-04 09:58:13,549 #3 INFO] Instantiated 100000 sources from /short/y57/hxr547/scenario_Perth/NSHA18/input/GA_NFSM_adaptive_smoothing_collapsed_K3_single_corner_completeness_banda_nfsm.xml
[2019-07-04 09:58:16,466 #3 INFO] Instantiated 110000 sources from /short/y57/hxr547/scenario_Perth/NSHA18/input/GA_NFSM_adaptive_smoothing_collapsed_K3_single_corner_completeness_banda_nfsm.xml
[2019-07-04 09:58:18,054 #3 INFO] Instantiated 120000 sources from /short/y57/hxr547/scenario_Perth/NSHA18/input/GA_NFSM_adaptive_smoothing_collapsed_K3_single_corner_completeness_banda_nfsm.xml
[2019-07-04 09:58:57,770 #3 INFO] Processed source model 17 with 294 potential gsim path(s) and 121225 sources
[2019-07-04 09:58:58,085 #3 INFO] Reading /short/y57/hxr547/scenario_Perth/NSHA18/input/Hall2007_2018_banda_nfsm.xml
[2019-07-04 10:00:35,019 #3 INFO] Instantiated 10000 sources from /short/y57/hxr547/scenario_Perth/NSHA18/input/Hall2007_2018_banda_nfsm.xml
[2019-07-04 10:00:36,728 #3 INFO] Instantiated 20000 sources from /short/y57/hxr547/scenario_Perth/NSHA18/input/Hall2007_2018_banda_nfsm.xml
[2019-07-04 10:00:38,339 #3 INFO] Instantiated 30000 sources from /short/y57/hxr547/scenario_Perth/NSHA18/input/Hall2007_2018_banda_nfsm.xml
[2019-07-04 10:00:39,984 #3 INFO] Instantiated 40000 sources from /short/y57/hxr547/scenario_Perth/NSHA18/input/Hall2007_2018_banda_nfsm.xml
[2019-07-04 10:00:41,582 #3 INFO] Instantiated 50000 sources from /short/y57/hxr547/scenario_Perth/NSHA18/input/Hall2007_2018_banda_nfsm.xml
[2019-07-04 10:00:43,225 #3 INFO] Instantiated 60000 sources from /short/y57/hxr547/scenario_Perth/NSHA18/input/Hall2007_2018_banda_nfsm.xml
[2019-07-04 10:00:44,791 #3 INFO] Instantiated 70000 sources from /short/y57/hxr547/scenario_Perth/NSHA18/input/Hall2007_2018_banda_nfsm.xml
[2019-07-04 10:00:46,466 #3 INFO] Instantiated 80000 sources from /short/y57/hxr547/scenario_Perth/NSHA18/input/Hall2007_2018_banda_nfsm.xml
[2019-07-04 10:00:48,212 #3 INFO] Instantiated 90000 sources from /short/y57/hxr547/scenario_Perth/NSHA18/input/Hall2007_2018_banda_nfsm.xml
[2019-07-04 10:00:49,927 #3 INFO] Instantiated 100000 sources from /short/y57/hxr547/scenario_Perth/NSHA18/input/Hall2007_2018_banda_nfsm.xml
[2019-07-04 10:00:51,835 #3 INFO] Instantiated 110000 sources from /short/y57/hxr547/scenario_Perth/NSHA18/input/Hall2007_2018_banda_nfsm.xml
[2019-07-04 10:00:54,129 #3 INFO] Instantiated 120000 sources from /short/y57/hxr547/scenario_Perth/NSHA18/input/Hall2007_2018_banda_nfsm.xml
[2019-07-04 10:01:40,117 #3 INFO] Processed source model 18 with 294 potential gsim path(s) and 123291 sources
[2019-07-04 10:01:41,164 #3 INFO] Reading /short/y57/hxr547/scenario_Perth/NSHA18/input/cuthbertson2018_source_model_banda_nfsm.xml
[2019-07-04 10:02:13,991 #3 INFO] Instantiated 10000 sources from /short/y57/hxr547/scenario_Perth/NSHA18/input/cuthbertson2018_source_model_banda_nfsm.xml
[2019-07-04 10:02:15,709 #3 INFO] Instantiated 20000 sources from /short/y57/hxr547/scenario_Perth/NSHA18/input/cuthbertson2018_source_model_banda_nfsm.xml
[2019-07-04 10:02:16,955 #3 INFO] Instantiated 30000 sources from /short/y57/hxr547/scenario_Perth/NSHA18/input/cuthbertson2018_source_model_banda_nfsm.xml
[2019-07-04 10:02:18,120 #3 INFO] Instantiated 40000 sources from /short/y57/hxr547/scenario_Perth/NSHA18/input/cuthbertson2018_source_model_banda_nfsm.xml
[2019-07-04 10:02:19,292 #3 INFO] Instantiated 50000 sources from /short/y57/hxr547/scenario_Perth/NSHA18/input/cuthbertson2018_source_model_banda_nfsm.xml
[2019-07-04 10:02:20,627 #3 INFO] Instantiated 60000 sources from /short/y57/hxr547/scenario_Perth/NSHA18/input/cuthbertson2018_source_model_banda_nfsm.xml
[2019-07-04 10:03:24,634 #3 INFO] Processed source model 19 with 294 potential gsim path(s) and 66757 sources
[2019-07-04 10:03:25,124 #3 INFO] Reading /short/y57/hxr547/scenario_Perth/NSHA18/input/AUS6_collapsed.xml
[2019-07-04 10:03:55,740 #3 INFO] Processed source model 20 with 294 potential gsim path(s) and 188 sources
[2019-07-04 10:04:12,390 #3 INFO] Splitting sources
[2019-07-04 10:11:37,593 #3 INFO] Rupture floating factor=2.654236944100576
[2019-07-04 10:11:37,789 #3 INFO] Rupture spinning factor=4.808303955862794
[2019-07-04 10:11:37,964 #3 INFO] Using receiver tcp://10.9.65.41:1913
Using celery@r3730, celery@r3746, celery@r3758, celery@r3760, celery@r3770, 280 cores
[2019-07-04 10:11:50,342 #3 INFO] Submitting 168 "RtreeFilter" tasks
[2019-07-04 10:12:44,480 #3 INFO] Sent 1.28 GB of data in 168 task(s)
[2019-07-04 10:12:48,610 #3 INFO] RtreeFilter   1%
[2019-07-04 10:12:48,966 #3 INFO] RtreeFilter   2%
[2019-07-04 10:12:50,009 #3 INFO] RtreeFilter   3%
[2019-07-04 10:12:50,143 #3 INFO] RtreeFilter   4%
[2019-07-04 10:12:50,340 #3 INFO] RtreeFilter   5%
[2019-07-04 10:12:50,491 #3 INFO] RtreeFilter   6%
[2019-07-04 10:12:50,598 #3 INFO] RtreeFilter   7%
[2019-07-04 10:12:51,322 #3 INFO] RtreeFilter   8%
[2019-07-04 10:12:51,490 #3 INFO] RtreeFilter   9%
[2019-07-04 10:12:51,654 #3 INFO] RtreeFilter  10%
[2019-07-04 10:12:52,300 #3 INFO] RtreeFilter  11%
[2019-07-04 10:12:52,690 #3 INFO] RtreeFilter  12%
[2019-07-04 10:12:53,088 #3 INFO] RtreeFilter  13%
[2019-07-04 10:12:53,800 #3 INFO] RtreeFilter  14%
[2019-07-04 10:12:54,283 #3 INFO] RtreeFilter  15%
[2019-07-04 10:12:54,558 #3 INFO] RtreeFilter  16%
[2019-07-04 10:12:54,927 #3 INFO] RtreeFilter  17%
[2019-07-04 10:12:55,393 #3 INFO] RtreeFilter  18%
[2019-07-04 10:12:55,656 #3 INFO] RtreeFilter  19%
[2019-07-04 10:12:56,048 #3 INFO] RtreeFilter  20%
[2019-07-04 10:12:56,200 #3 INFO] RtreeFilter  21%
[2019-07-04 10:12:56,575 #3 INFO] RtreeFilter  22%
[2019-07-04 10:12:56,886 #3 INFO] RtreeFilter  23%
[2019-07-04 10:12:57,248 #3 INFO] RtreeFilter  24%
[2019-07-04 10:12:57,353 #3 INFO] RtreeFilter  25%
[2019-07-04 10:12:57,604 #3 INFO] RtreeFilter  26%
[2019-07-04 10:12:58,596 #3 INFO] RtreeFilter  27%
[2019-07-04 10:12:59,254 #3 INFO] RtreeFilter  28%
[2019-07-04 10:12:59,800 #3 INFO] RtreeFilter  29%
[2019-07-04 10:13:00,198 #3 INFO] RtreeFilter  30%
[2019-07-04 10:13:00,431 #3 INFO] RtreeFilter  31%
[2019-07-04 10:13:00,677 #3 INFO] RtreeFilter  32%
[2019-07-04 10:13:00,843 #3 INFO] RtreeFilter  33%
[2019-07-04 10:13:00,976 #3 INFO] RtreeFilter  34%
[2019-07-04 10:13:01,100 #3 INFO] RtreeFilter  35%
[2019-07-04 10:13:01,490 #3 INFO] RtreeFilter  36%
[2019-07-04 10:13:01,713 #3 INFO] RtreeFilter  37%
[2019-07-04 10:13:01,864 #3 INFO] RtreeFilter  38%
[2019-07-04 10:13:02,066 #3 INFO] RtreeFilter  39%
[2019-07-04 10:13:02,350 #3 INFO] RtreeFilter  40%
[2019-07-04 10:13:02,500 #3 INFO] RtreeFilter  41%
[2019-07-04 10:13:02,663 #3 INFO] RtreeFilter  42%
[2019-07-04 10:13:02,839 #3 INFO] RtreeFilter  43%
[2019-07-04 10:13:03,018 #3 INFO] RtreeFilter  44%
[2019-07-04 10:13:03,134 #3 INFO] RtreeFilter  45%
[2019-07-04 10:13:03,296 #3 INFO] RtreeFilter  46%
[2019-07-04 10:13:03,444 #3 INFO] RtreeFilter  47%
[2019-07-04 10:13:03,524 #3 INFO] RtreeFilter  48%
[2019-07-04 10:13:03,650 #3 INFO] RtreeFilter  49%
[2019-07-04 10:13:03,744 #3 INFO] RtreeFilter  50%
[2019-07-04 10:13:03,843 #3 INFO] RtreeFilter  51%
[2019-07-04 10:13:04,282 #3 INFO] RtreeFilter  52%
[2019-07-04 10:13:04,506 #3 INFO] RtreeFilter  53%
[2019-07-04 10:13:04,663 #3 INFO] RtreeFilter  54%
[2019-07-04 10:13:04,853 #3 INFO] RtreeFilter  55%
[2019-07-04 10:13:05,058 #3 INFO] RtreeFilter  56%
[2019-07-04 10:13:05,187 #3 INFO] RtreeFilter  57%
[2019-07-04 10:13:05,278 #3 INFO] RtreeFilter  58%
[2019-07-04 10:13:05,387 #3 INFO] RtreeFilter  59%
[2019-07-04 10:13:05,611 #3 INFO] RtreeFilter  60%
[2019-07-04 10:13:05,815 #3 INFO] RtreeFilter  61%
[2019-07-04 10:13:06,138 #3 INFO] RtreeFilter  62%
[2019-07-04 10:13:06,357 #3 INFO] RtreeFilter  63%
[2019-07-04 10:13:06,710 #3 INFO] RtreeFilter  64%
[2019-07-04 10:13:06,856 #3 INFO] RtreeFilter  65%
[2019-07-04 10:13:07,048 #3 INFO] RtreeFilter  66%
[2019-07-04 10:13:07,382 #3 INFO] RtreeFilter  67%
[2019-07-04 10:13:07,692 #3 INFO] RtreeFilter  68%
[2019-07-04 10:13:08,093 #3 INFO] RtreeFilter  69%
[2019-07-04 10:13:08,501 #3 INFO] RtreeFilter  70%
[2019-07-04 10:13:09,113 #3 INFO] RtreeFilter  71%
[2019-07-04 10:13:09,745 #3 INFO] RtreeFilter  72%
[2019-07-04 10:13:10,263 #3 INFO] RtreeFilter  73%
[2019-07-04 10:13:10,530 #3 INFO] RtreeFilter  74%
[2019-07-04 10:13:10,651 #3 INFO] RtreeFilter  75%
[2019-07-04 10:13:10,765 #3 INFO] RtreeFilter  76%
[2019-07-04 10:13:10,939 #3 INFO] RtreeFilter  77%
[2019-07-04 10:13:11,177 #3 INFO] RtreeFilter  78%
[2019-07-04 10:13:11,463 #3 INFO] RtreeFilter  79%
[2019-07-04 10:13:11,662 #3 INFO] RtreeFilter  80%
[2019-07-04 10:13:11,990 #3 INFO] RtreeFilter  81%
[2019-07-04 10:13:12,135 #3 INFO] RtreeFilter  82%
[2019-07-04 10:13:12,249 #3 INFO] RtreeFilter  83%
[2019-07-04 10:13:12,396 #3 INFO] RtreeFilter  84%
[2019-07-04 10:13:12,547 #3 INFO] RtreeFilter  85%
[2019-07-04 10:13:12,794 #3 INFO] RtreeFilter  86%
[2019-07-04 10:13:13,402 #3 INFO] RtreeFilter  87%
[2019-07-04 10:13:13,619 #3 INFO] RtreeFilter  88%
[2019-07-04 10:13:13,749 #3 INFO] RtreeFilter  89%
[2019-07-04 10:13:13,868 #3 INFO] RtreeFilter  90%
[2019-07-04 10:13:13,963 #3 INFO] RtreeFilter  91%
[2019-07-04 10:13:14,316 #3 INFO] RtreeFilter  92%
[2019-07-04 10:13:14,505 #3 INFO] RtreeFilter  93%
[2019-07-04 10:13:15,132 #3 INFO] RtreeFilter  94%
[2019-07-04 10:13:15,455 #3 INFO] RtreeFilter  95%
[2019-07-04 10:13:15,637 #3 INFO] RtreeFilter  96%
[2019-07-04 10:13:15,777 #3 INFO] RtreeFilter  97%
[2019-07-04 10:13:15,972 #3 INFO] RtreeFilter  98%
[2019-07-04 10:13:16,307 #3 INFO] RtreeFilter  99%
[2019-07-04 10:13:16,468 #3 INFO] RtreeFilter 100%
[2019-07-04 10:13:16,800 #3 INFO] Received 80.54 MB of data, maximum per task 3.27 MB
[2019-07-04 10:13:26,341 #3 INFO] Using maxweight=44354
[2019-07-04 10:13:26,688 #3 INFO] Submitting  "classical" tasks
[2019-07-04 10:13:53,095 #3 INFO] Sent 119795 sources in 844 tasks
[2019-07-04 10:13:55,398 #3 INFO] Sent 82.85 MB of data in 844 task(s)
[2019-07-04 10:15:17,204 #3 INFO] classical   1%
[2019-07-04 10:15:27,201 #3 INFO] classical   2%
[2019-07-04 10:15:50,965 #3 INFO] classical   3%
[2019-07-04 10:16:06,872 #3 INFO] classical   4%
[2019-07-04 10:16:15,764 #3 INFO] classical   5%
[2019-07-04 10:16:23,170 #3 INFO] classical   6%
[2019-07-04 10:16:30,223 #3 INFO] classical   7%
[2019-07-04 10:16:38,082 #3 INFO] classical   8%
[2019-07-04 10:16:42,971 #3 INFO] classical   9%
[2019-07-04 10:16:47,204 #3 INFO] classical  10%
[2019-07-04 10:16:52,252 #3 INFO] classical  11%
[2019-07-04 10:16:55,284 #3 INFO] classical  12%
[2019-07-04 10:16:59,065 #3 INFO] classical  13%
[2019-07-04 10:17:03,402 #3 INFO] classical  14%
[2019-07-04 10:17:06,204 #3 INFO] classical  15%
[2019-07-04 10:17:09,718 #3 INFO] classical  16%
[2019-07-04 10:17:14,074 #3 INFO] classical  17%
[2019-07-04 10:17:16,325 #3 INFO] classical  18%
[2019-07-04 10:17:18,467 #3 INFO] classical  19%
[2019-07-04 10:17:19,942 #3 INFO] classical  20%
[2019-07-04 10:17:21,230 #3 INFO] classical  21%
[2019-07-04 10:17:23,717 #3 INFO] classical  22%
[2019-07-04 10:17:25,593 #3 INFO] classical  23%
[2019-07-04 10:17:27,465 #3 INFO] classical  24%
[2019-07-04 10:17:27,828 #3 INFO] classical  25%
[2019-07-04 10:17:29,278 #3 INFO] classical  26%
[2019-07-04 10:17:30,644 #3 INFO] classical  27%
[2019-07-04 10:17:32,623 #3 INFO] classical  28%
[2019-07-04 10:17:33,465 #3 INFO] classical  29%
[2019-07-04 10:17:36,750 #3 INFO] classical  30%
[2019-07-04 10:17:38,143 #3 INFO] classical  31%
[2019-07-04 10:17:40,680 #3 INFO] classical  32%
[2019-07-04 10:17:42,494 #3 INFO] classical  33%
[2019-07-04 10:17:54,924 #3 INFO] classical  34%
[2019-07-04 10:18:07,484 #3 INFO] classical  35%
[2019-07-04 10:18:29,161 #3 INFO] classical  36%
[2019-07-04 10:18:48,573 #3 INFO] classical  37%
[2019-07-04 10:19:10,764 #3 INFO] classical  38%
[2019-07-04 10:19:22,458 #3 INFO] classical  39%
[2019-07-04 10:19:27,304 #3 INFO] classical  40%
[2019-07-04 10:19:34,807 #3 INFO] classical  41%
[2019-07-04 10:19:44,072 #3 INFO] classical  42%
[2019-07-04 10:19:47,675 #3 INFO] classical  43%
[2019-07-04 10:19:54,305 #3 INFO] classical  44%
[2019-07-04 10:19:58,640 #3 INFO] classical  45%
[2019-07-04 10:20:01,637 #3 INFO] classical  46%
[2019-07-04 10:20:04,595 #3 INFO] classical  47%
[2019-07-04 10:20:11,555 #3 INFO] classical  48%
[2019-07-04 10:20:17,304 #3 INFO] classical  49%
[2019-07-04 10:20:19,785 #3 INFO] classical  50%
[2019-07-04 10:20:23,322 #3 INFO] classical  51%
[2019-07-04 10:20:27,965 #3 INFO] classical  52%
[2019-07-04 10:20:31,030 #3 INFO] classical  53%
[2019-07-04 10:20:33,541 #3 INFO] classical  54%
[2019-07-04 10:20:38,238 #3 INFO] classical  55%
[2019-07-04 10:20:41,514 #3 INFO] classical  56%
[2019-07-04 10:20:47,206 #3 INFO] classical  57%
[2019-07-04 10:20:51,016 #3 INFO] classical  58%
[2019-07-04 10:20:53,363 #3 INFO] classical  59%
[2019-07-04 10:20:57,922 #3 INFO] classical  60%
[2019-07-04 10:21:01,769 #3 INFO] classical  61%
[2019-07-04 10:21:08,196 #3 INFO] classical  62%
[2019-07-04 10:21:10,224 #3 INFO] classical  63%
[2019-07-04 10:21:12,316 #3 INFO] classical  64%
[2019-07-04 10:21:14,443 #3 INFO] classical  65%
[2019-07-04 10:21:18,154 #3 INFO] classical  66%
[2019-07-04 10:21:21,487 #3 INFO] classical  67%
[2019-07-04 10:21:24,615 #3 INFO] classical  68%
[2019-07-04 10:21:28,262 #3 INFO] classical  69%
[2019-07-04 10:21:31,029 #3 INFO] classical  70%
[2019-07-04 10:21:35,217 #3 INFO] classical  71%
[2019-07-04 10:21:37,463 #3 INFO] classical  72%
[2019-07-04 10:21:39,940 #3 INFO] classical  73%
[2019-07-04 10:21:45,591 #3 INFO] classical  74%
[2019-07-04 10:21:54,269 #3 INFO] classical  75%
[2019-07-04 10:21:59,423 #3 INFO] classical  76%
[2019-07-04 10:22:02,943 #3 INFO] classical  77%
[2019-07-04 10:22:07,051 #3 INFO] classical  78%
[2019-07-04 10:22:13,384 #3 INFO] classical  79%
[2019-07-04 10:22:18,844 #3 INFO] classical  80%
[2019-07-04 10:22:25,215 #3 INFO] classical  81%
[2019-07-04 10:22:28,395 #3 INFO] classical  82%
[2019-07-04 10:22:32,612 #3 INFO] classical  83%
[2019-07-04 10:22:36,557 #3 INFO] classical  84%
[2019-07-04 10:22:41,140 #3 INFO] classical  85%
[2019-07-04 10:22:47,602 #3 INFO] classical  86%
[2019-07-04 10:22:51,745 #3 INFO] classical  87%
[2019-07-04 10:22:58,063 #3 INFO] classical  88%
[2019-07-04 10:23:03,494 #3 INFO] classical  89%
[2019-07-04 10:23:09,876 #3 INFO] classical  90%
[2019-07-04 10:23:15,282 #3 INFO] classical  91%
[2019-07-04 10:23:20,344 #3 INFO] classical  92%
[2019-07-04 10:23:26,159 #3 INFO] classical  93%
[2019-07-04 10:23:29,439 #3 INFO] classical  94%
[2019-07-04 10:23:33,053 #3 INFO] classical  95%
[2019-07-04 10:23:43,398 #3 INFO] classical  96%
[2019-07-04 10:23:48,261 #3 INFO] classical  97%
[2019-07-04 10:23:58,561 #3 INFO] classical  98%
[2019-07-04 10:24:03,759 #3 INFO] classical  99%
[2019-07-04 10:24:14,728 #3 INFO] classical 100%
[2019-07-04 10:24:14,906 #3 INFO] Received 7.47 MB of data, maximum per task 45.2 KB
[2019-07-04 10:24:14,998 #3 INFO] Effective sites per task: 0
[2019-07-04 10:24:23,157 #3 INFO] Using receiver tcp://10.9.65.41:1916
[2019-07-04 10:24:25,336 #3 INFO] Submitting  "build_hcurves_and_stats" tasks
[2019-07-04 10:24:26,144 #3 INFO] Sent 165.4 KB of data in 1 task(s)
[2019-07-04 10:24:26,778 #3 INFO] build_hcurves_and_stats 100%
[2019-07-04 10:24:26,984 #3 INFO] Received 549 B of data, maximum per task 549 B
[2019-07-04 10:24:27,472 #3 INFO] exported hcurves: ['./PSHA_PGA/hazard_curve-mean-PGA_3.csv']
[2019-07-04 10:24:32,363 #3 INFO] Calculation 3 finished correctly in 3163 seconds
  id | name
   1 | Full Report
   2 | Hazard Curves
   3 | Input Files
   4 | Realizations
   5 | Seismic Source Groups
