[2019-09-10 03:59:00,947 #70 INFO] hyeuk running /home/hyeuk/Projects/York/PSRA/job_classic_risk.ini [--hc=None]
[2019-09-10 03:59:00,950 #70 INFO] Using engine version 3.7.0-git6ad400cbee
[2019-09-10 03:59:01,988 #70 INFO] Zipping the input files
[2019-09-10 03:59:34,689 #70 WARNING] Using 8 cores on hyeuk-GA
[2019-09-10 03:59:36,812 #70 INFO] Checksum of the input files: 760371680
[2019-09-10 03:59:36,817 #70 INFO] Reading the risk model if present
[2019-09-10 03:59:36,847 #70 INFO] Reading /home/hyeuk/Projects/York/input/exposure_York_0.xml
[2019-09-10 03:59:36,952 #70 INFO] Associated 1417 assets to 301 sites
[2019-09-10 03:59:36,983 #70 INFO] Reducing risk model from 24 to 14 taxonomies
[2019-09-10 03:59:44,760 #70 INFO] Validated nsha18_source_model_logic_tree.xml in 7.77 seconds
[2019-09-10 03:59:44,776 #70 INFO] Considering 100 logic tree paths out of 5,880
[2019-09-10 03:59:44,780 #70 INFO] Removing nodal plane and hypocenter distributions
[2019-09-10 03:59:44,782 #70 INFO] Reading the source model(s) in parallel
WARNING:root:<AreaSource L08_NA_2>.count_ruptures took 10 seconds, perhaps the area discretization is too small
[2019-09-10 04:00:24,444 #70 INFO] Sent 7.19 KB of data in 17 read_source_models task(s)
[2019-09-10 04:00:26,387 #70 INFO] read_source_models   5% [of 17 tasks]
[2019-09-10 04:00:31,349 #70 INFO] read_source_models  11% [of 17 tasks]
WARNING:root:<AreaSource DOM_WAEP>.count_ruptures took 10 seconds, perhaps the area discretization is too small
[2019-09-10 04:00:46,723 #70 INFO] read_source_models  17% [of 17 tasks]
WARNING:root:<AreaSource NSHMB_CBGZ>.count_ruptures took 15 seconds, perhaps the area discretization is too small
[2019-09-10 04:01:02,698 #70 INFO] read_source_models  23% [of 17 tasks]
[2019-09-10 04:01:13,826 #70 INFO] read_source_models  29% [of 17 tasks]
WARNING:root:<AreaSource NSHMB_EBGZ>.count_ruptures took 57 seconds, perhaps the area discretization is too small
[2019-09-10 04:02:22,948 #70 INFO] read_source_models  35% [of 17 tasks]
WARNING:root:<AreaSource NECS>.count_ruptures took 12 seconds, perhaps the area discretization is too small
WARNING:root:<AreaSource NECS>.count_ruptures took 10 seconds, perhaps the area discretization is too small
WARNING:root:<AreaSource NECS>.count_ruptures took 10 seconds, perhaps the area discretization is too small
[2019-09-10 04:03:26,365 #70 INFO] read_source_models  41% [of 17 tasks]
WARNING:root:<AreaSource SEOB>.count_ruptures took 17 seconds, perhaps the area discretization is too small
[2019-09-10 04:04:00,562 #70 INFO] read_source_models  47% [of 17 tasks]
WARNING:root:<AreaSource SEOB>.count_ruptures took 35 seconds, perhaps the area discretization is too small
[2019-09-10 04:04:22,369 #70 INFO] read_source_models  52% [of 17 tasks]
[2019-09-10 04:04:45,373 #70 INFO] read_source_models  58% [of 17 tasks]
[2019-09-10 04:04:45,385 #70 INFO] read_source_models  64% [of 17 tasks]
[2019-09-10 04:04:45,388 #70 INFO] read_source_models  70% [of 17 tasks]
[2019-09-10 04:04:45,390 #70 INFO] read_source_models  76% [of 17 tasks]
[2019-09-10 04:05:07,766 #70 INFO] read_source_models  82% [of 17 tasks]
[2019-09-10 04:05:09,232 #70 INFO] read_source_models  88% [of 17 tasks]
[2019-09-10 04:05:30,983 #70 INFO] read_source_models  94% [of 17 tasks]
[2019-09-10 04:05:31,034 #70 INFO] read_source_models 100% [of 17 tasks]
[2019-09-10 04:05:31,048 #70 INFO] Received 823.11 MB in 346 seconds, biggest output=100.17 MB
[2019-09-10 04:05:38,954 #70 INFO] Processed source model 1 with 1 gsim path(s) and 66378 sources
[2019-09-10 04:05:39,059 #70 INFO] Processed source model 2 with 6 gsim path(s) and 96 sources
[2019-09-10 04:05:57,658 #70 INFO] Processed source model 3 with 18 gsim path(s) and 153357 sources
[2019-09-10 04:06:16,723 #70 INFO] Processed source model 4 with 13 gsim path(s) and 155018 sources
[2019-09-10 04:06:35,876 #70 INFO] Processed source model 5 with 6 gsim path(s) and 157927 sources
[2019-09-10 04:06:36,095 #70 INFO] Processed source model 6 with 3 gsim path(s) and 70 sources
[2019-09-10 04:06:36,139 #70 INFO] Processed source model 7 with 7 gsim path(s) and 76 sources
[2019-09-10 04:06:36,173 #70 INFO] Processed source model 8 with 4 gsim path(s) and 78 sources
[2019-09-10 04:06:36,203 #70 INFO] Processed source model 9 with 2 gsim path(s) and 72 sources
[2019-09-10 04:06:51,148 #70 INFO] Processed source model 10 with 2 gsim path(s) and 122912 sources
[2019-09-10 04:06:51,464 #70 INFO] Processed source model 11 with 2 gsim path(s) and 64 sources
[2019-09-10 04:07:06,435 #70 INFO] Processed source model 12 with 2 gsim path(s) and 120846 sources
[2019-09-10 04:07:19,332 #70 INFO] Processed source model 13 with 2 gsim path(s) and 102697 sources
[2019-09-10 04:07:32,512 #70 INFO] Processed source model 14 with 8 gsim path(s) and 103076 sources
[2019-09-10 04:07:47,885 #70 INFO] Processed source model 15 with 16 gsim path(s) and 121225 sources
[2019-09-10 04:08:03,499 #70 INFO] Processed source model 16 with 4 gsim path(s) and 123291 sources
[2019-09-10 04:08:12,123 #70 INFO] Processed source model 17 with 4 gsim path(s) and 66757 sources
[2019-09-10 04:08:21,018 #70 INFO] The composite source model has 46,121,376 ruptures
[2019-09-10 04:08:21,030 #70 INFO] Found 465158 unique sources and 413482 duplicate sources with multiplicity 2.0: ['0' '1' '10' ... 'WPG' 'WRFS' 'WRP']
[2019-09-10 04:08:27,614 #70 INFO] ruptures_per_task = 1000000, task_duration = 287s
[2019-09-10 04:08:50,879 #70 INFO] Sent 554.25 MB of data in 49 classical_split_filter task(s)
[2019-09-10 04:08:50,942 #70 INFO] classical_split_filter   2% [of 49 tasks]
[2019-09-10 04:08:50,967 #70 INFO] classical_split_filter   4% [of 49 tasks]
[2019-09-10 04:10:05,075 #70 INFO] classical_split_filter   6% [of 64 tasks]
[2019-09-10 04:10:09,544 #70 INFO] classical_split_filter   7% [of 64 tasks]
[2019-09-10 04:10:37,085 #70 INFO] classical_split_filter   8% [of 71 tasks]
[2019-09-10 04:11:21,588 #70 INFO] classical_split_filter   9% [of 75 tasks]
[2019-09-10 04:11:25,521 #70 INFO] classical_split_filter  10% [of 75 tasks]
[2019-09-10 04:14:46,696 #70 INFO] classical_split_filter  11% [of 99 tasks]
[2019-09-10 04:15:26,849 #70 INFO] classical_split_filter  12% [of 106 tasks]
[2019-09-10 04:16:07,865 #70 INFO] classical_split_filter  13% [of 108 tasks]
[2019-09-10 04:17:36,796 #70 INFO] classical_split_filter  14% [of 108 tasks]
[2019-09-10 04:17:42,742 #70 INFO] classical_split_filter  15% [of 108 tasks]
[2019-09-10 04:20:24,950 #70 INFO] classical_split_filter  16% [of 109 tasks]
[2019-09-10 04:21:51,842 #70 INFO] classical_split_filter  17% [of 109 tasks]
[2019-09-10 04:22:30,642 #70 INFO] classical_split_filter  18% [of 109 tasks]
[2019-09-10 04:23:10,926 #70 INFO] classical_split_filter  19% [of 109 tasks]
[2019-09-10 04:23:21,211 #70 INFO] classical_split_filter  20% [of 109 tasks]
[2019-09-10 04:24:06,827 #70 INFO] classical_split_filter  21% [of 109 tasks]
[2019-09-10 04:24:09,084 #70 INFO] classical_split_filter  22% [of 109 tasks]
[2019-09-10 04:26:04,021 #70 INFO] classical_split_filter  23% [of 109 tasks]
[2019-09-10 04:26:59,564 #70 INFO] classical_split_filter  24% [of 109 tasks]
[2019-09-10 04:27:21,406 #70 INFO] classical_split_filter  25% [of 109 tasks]
[2019-09-10 04:27:47,462 #70 INFO] classical_split_filter  26% [of 109 tasks]
[2019-09-10 04:30:31,689 #70 INFO] classical_split_filter  27% [of 109 tasks]
[2019-09-10 04:32:20,165 #70 INFO] classical_split_filter  28% [of 109 tasks]
[2019-09-10 04:32:22,784 #70 INFO] classical_split_filter  29% [of 109 tasks]
[2019-09-10 04:33:51,068 #70 INFO] classical_split_filter  30% [of 110 tasks]
[2019-09-10 04:35:29,688 #70 INFO] classical_split_filter  31% [of 110 tasks]
[2019-09-10 04:35:54,778 #70 INFO] classical_split_filter  32% [of 110 tasks]
[2019-09-10 04:36:28,332 #70 INFO] classical_split_filter  33% [of 110 tasks]
[2019-09-10 04:38:11,045 #70 INFO] classical_split_filter  34% [of 112 tasks]
[2019-09-10 04:38:17,330 #70 INFO] classical_split_filter  35% [of 113 tasks]
[2019-09-10 04:38:31,040 #70 INFO] classical_split_filter  36% [of 113 tasks]
[2019-09-10 04:38:31,737 #70 INFO] classical_split_filter  37% [of 113 tasks]
[2019-09-10 04:40:07,107 #70 INFO] classical_split_filter  38% [of 113 tasks]
[2019-09-10 04:42:32,287 #70 INFO] classical_split_filter  39% [of 113 tasks]
[2019-09-10 04:42:51,454 #70 INFO] classical_split_filter  40% [of 113 tasks]
[2019-09-10 04:43:30,673 #70 INFO] classical_split_filter  41% [of 113 tasks]
[2019-09-10 04:44:51,341 #70 INFO] classical_split_filter  42% [of 113 tasks]
[2019-09-10 04:46:04,621 #70 INFO] classical_split_filter  43% [of 113 tasks]
[2019-09-10 04:46:17,564 #70 INFO] classical_split_filter  44% [of 113 tasks]
[2019-09-10 04:47:14,795 #70 INFO] classical_split_filter  45% [of 113 tasks]
[2019-09-10 04:47:33,705 #70 INFO] classical_split_filter  46% [of 113 tasks]
[2019-09-10 04:49:25,449 #70 INFO] classical_split_filter  47% [of 113 tasks]
[2019-09-10 04:50:13,774 #70 INFO] classical_split_filter  48% [of 113 tasks]
[2019-09-10 04:50:54,240 #70 INFO] classical_split_filter  49% [of 113 tasks]
[2019-09-10 04:50:55,821 #70 INFO] classical_split_filter  50% [of 113 tasks]
[2019-09-10 04:50:56,794 #70 INFO] classical_split_filter  51% [of 113 tasks]
[2019-09-10 04:51:57,757 #70 INFO] classical_split_filter  52% [of 113 tasks]
[2019-09-10 04:52:07,448 #70 INFO] classical_split_filter  53% [of 113 tasks]
[2019-09-10 04:52:57,655 #70 INFO] classical_split_filter  54% [of 113 tasks]
[2019-09-10 04:53:02,956 #70 INFO] classical_split_filter  55% [of 113 tasks]
[2019-09-10 04:53:08,132 #70 INFO] classical_split_filter  56% [of 113 tasks]
[2019-09-10 04:53:38,936 #70 INFO] classical_split_filter  57% [of 113 tasks]
[2019-09-10 04:53:47,807 #70 INFO] classical_split_filter  58% [of 113 tasks]
[2019-09-10 04:53:48,451 #70 INFO] classical_split_filter  59% [of 113 tasks]
[2019-09-10 04:54:50,511 #70 INFO] classical_split_filter  60% [of 113 tasks]
[2019-09-10 04:54:55,549 #70 INFO] classical_split_filter  61% [of 113 tasks]
[2019-09-10 04:57:36,486 #70 INFO] classical_split_filter  62% [of 113 tasks]
[2019-09-10 04:58:23,315 #70 INFO] classical_split_filter  63% [of 113 tasks]
[2019-09-10 04:58:32,429 #70 INFO] classical_split_filter  64% [of 113 tasks]
[2019-09-10 04:58:34,070 #70 INFO] classical_split_filter  65% [of 113 tasks]
[2019-09-10 04:58:53,343 #70 INFO] classical_split_filter  66% [of 113 tasks]
[2019-09-10 04:59:28,027 #70 INFO] classical_split_filter  67% [of 113 tasks]
[2019-09-10 04:59:43,079 #70 INFO] classical_split_filter  68% [of 113 tasks]
[2019-09-10 05:00:08,103 #70 INFO] classical_split_filter  69% [of 113 tasks]
[2019-09-10 05:00:50,331 #70 INFO] classical_split_filter  70% [of 113 tasks]
[2019-09-10 05:01:09,256 #70 INFO] classical_split_filter  71% [of 113 tasks]
[2019-09-10 05:01:17,062 #70 INFO] classical_split_filter  72% [of 113 tasks]
[2019-09-10 05:01:23,501 #70 INFO] classical_split_filter  73% [of 113 tasks]
[2019-09-10 05:01:24,473 #70 INFO] classical_split_filter  74% [of 113 tasks]
[2019-09-10 05:01:42,519 #70 INFO] classical_split_filter  75% [of 113 tasks]
[2019-09-10 05:01:45,595 #70 INFO] classical_split_filter  76% [of 113 tasks]
[2019-09-10 05:02:18,188 #70 INFO] classical_split_filter  77% [of 113 tasks]
[2019-09-10 05:02:27,330 #70 INFO] classical_split_filter  78% [of 113 tasks]
[2019-09-10 05:02:37,008 #70 INFO] classical_split_filter  79% [of 113 tasks]
[2019-09-10 05:02:46,138 #70 INFO] classical_split_filter  80% [of 113 tasks]
[2019-09-10 05:02:59,319 #70 INFO] classical_split_filter  81% [of 113 tasks]
[2019-09-10 05:03:03,081 #70 INFO] classical_split_filter  82% [of 113 tasks]
[2019-09-10 05:03:09,866 #70 INFO] classical_split_filter  83% [of 113 tasks]
[2019-09-10 05:03:31,193 #70 INFO] classical_split_filter  84% [of 113 tasks]
[2019-09-10 05:03:59,729 #70 INFO] classical_split_filter  85% [of 113 tasks]
[2019-09-10 05:08:15,341 #70 INFO] classical_split_filter  86% [of 113 tasks]
[2019-09-10 05:08:32,167 #70 INFO] classical_split_filter  87% [of 113 tasks]
[2019-09-10 05:09:06,717 #70 INFO] classical_split_filter  88% [of 113 tasks]
[2019-09-10 05:09:12,624 #70 INFO] classical_split_filter  89% [of 113 tasks]
[2019-09-10 05:10:02,289 #70 INFO] classical_split_filter  90% [of 113 tasks]
[2019-09-10 05:10:03,949 #70 INFO] classical_split_filter  91% [of 113 tasks]
[2019-09-10 05:10:09,210 #70 INFO] classical_split_filter  92% [of 113 tasks]
[2019-09-10 05:11:28,526 #70 INFO] classical_split_filter  93% [of 113 tasks]
[2019-09-10 05:12:10,935 #70 INFO] classical_split_filter  94% [of 113 tasks]
[2019-09-10 05:12:22,433 #70 INFO] classical_split_filter  95% [of 113 tasks]
[2019-09-10 05:12:54,316 #70 INFO] classical_split_filter  96% [of 113 tasks]
[2019-09-10 05:13:09,339 #70 INFO] classical_split_filter  97% [of 113 tasks]
[2019-09-10 05:13:21,156 #70 INFO] classical_split_filter  98% [of 113 tasks]
[2019-09-10 05:13:23,245 #70 INFO] classical_split_filter  99% [of 113 tasks]
[2019-09-10 05:13:23,257 #70 INFO] classical_split_filter 100% [of 113 tasks]
[2019-09-10 05:13:23,263 #70 INFO] Received 201.63 MB in 3872 seconds, biggest output=3.71 MB
[2019-09-10 05:13:23,265 #70 INFO] Received {'pmap': '89.4 MB', 'calc_times': '2.63 MB', 'rup_data': '24.21 KB', 'task_no': '2.11 KB'}
[2019-09-10 05:13:23,315 #70 INFO] There are 100 realization(s)
[2019-09-10 05:13:24,958 #70 INFO] Building hazard statistics with 16 concurrent_tasks
[2019-09-10 05:13:25,183 #70 INFO] Sent 21.21 KB of data in 16 build_hazard task(s)
[2019-09-10 05:13:25,292 #70 INFO] build_hazard   6% [of 16 tasks]
[2019-09-10 05:13:25,302 #70 INFO] build_hazard  12% [of 16 tasks]
[2019-09-10 05:13:25,314 #70 INFO] build_hazard  18% [of 16 tasks]
[2019-09-10 05:13:25,317 #70 INFO] build_hazard  25% [of 16 tasks]
[2019-09-10 05:13:25,320 #70 INFO] build_hazard  31% [of 16 tasks]
[2019-09-10 05:13:25,322 #70 INFO] build_hazard  37% [of 16 tasks]
[2019-09-10 05:13:25,325 #70 INFO] build_hazard  43% [of 16 tasks]
[2019-09-10 05:13:25,384 #70 INFO] build_hazard  50% [of 16 tasks]
[2019-09-10 05:13:25,419 #70 INFO] build_hazard  56% [of 16 tasks]
[2019-09-10 05:13:25,421 #70 INFO] build_hazard  62% [of 16 tasks]
[2019-09-10 05:13:25,423 #70 INFO] build_hazard  68% [of 16 tasks]
[2019-09-10 05:13:25,426 #70 INFO] build_hazard  75% [of 16 tasks]
[2019-09-10 05:13:25,428 #70 INFO] build_hazard  81% [of 16 tasks]
[2019-09-10 05:13:25,430 #70 INFO] build_hazard  87% [of 16 tasks]
[2019-09-10 05:13:25,432 #70 INFO] build_hazard  93% [of 16 tasks]
[2019-09-10 05:13:25,434 #70 INFO] build_hazard 100% [of 16 tasks]
[2019-09-10 05:13:25,436 #70 INFO] Received 78.52 KB in 0 seconds, biggest output=4.95 KB
[2019-09-10 05:13:25,438 #70 INFO] Received {'rlz_by_sid': '224 B', 'hcurves-stats': '77.97 KB'}
[2019-09-10 05:13:25,539 #70 INFO] exported hcurves: ['/home/hyeuk/Projects/York/PSRA/output/hazard_curve-mean-PGA_70.csv']
[2019-09-10 05:13:25,574 #70 INFO] Building risk inputs from 100 realization(s)
[2019-09-10 05:13:32,173 #70 INFO] Built 301 risk inputs
[2019-09-10 05:13:58,889 #70 INFO] Sent 16.43 MB of data in 17 classical_risk task(s)
[2019-09-10 05:13:59,436 #70 INFO] classical_risk   5% [of 17 tasks]
[2019-09-10 05:14:00,010 #70 INFO] classical_risk  11% [of 17 tasks]
[2019-09-10 05:14:00,762 #70 INFO] classical_risk  17% [of 17 tasks]
[2019-09-10 05:14:00,902 #70 INFO] classical_risk  23% [of 17 tasks]
[2019-09-10 05:14:01,726 #70 INFO] classical_risk  29% [of 17 tasks]
[2019-09-10 05:14:02,230 #70 INFO] classical_risk  35% [of 17 tasks]
[2019-09-10 05:14:04,572 #70 INFO] classical_risk  41% [of 17 tasks]
[2019-09-10 05:14:27,598 #70 INFO] classical_risk  47% [of 17 tasks]
[2019-09-10 05:14:27,828 #70 INFO] classical_risk  52% [of 17 tasks]
[2019-09-10 05:14:28,204 #70 INFO] classical_risk  58% [of 17 tasks]
[2019-09-10 05:14:29,265 #70 INFO] classical_risk  64% [of 17 tasks]
[2019-09-10 05:14:29,707 #70 INFO] classical_risk  70% [of 17 tasks]
[2019-09-10 05:14:30,007 #70 INFO] classical_risk  76% [of 17 tasks]
[2019-09-10 05:14:30,489 #70 INFO] classical_risk  82% [of 17 tasks]
[2019-09-10 05:14:32,507 #70 INFO] classical_risk  88% [of 17 tasks]
[2019-09-10 05:14:38,250 #70 INFO] classical_risk  94% [of 17 tasks]
[2019-09-10 05:14:38,253 #70 INFO] classical_risk 100% [of 17 tasks]
[2019-09-10 05:14:38,255 #70 INFO] Received 333.78 MB in 65 seconds, biggest output=20.96 MB
[2019-09-10 05:14:38,258 #70 INFO] Received {'loss_curves': '330.45 MB', 'stat_curves': '3.33 MB'}
[2019-09-10 05:14:39,001 #70 INFO] exported avg_losses-stats: ['/home/hyeuk/Projects/York/PSRA/output/avg_losses-mean_70.csv']
[2019-09-10 05:14:39,092 #70 INFO] exported hcurves: ['/home/hyeuk/Projects/York/PSRA/output/hazard_curve-mean-PGA_70.csv']
[2019-09-10 05:14:40,304 #70 INFO] exported loss_curves-stats: ['/home/hyeuk/Projects/York/PSRA/output/loss_curves-mean_70.csv']
[2019-09-10 05:14:40,318 #70 INFO] Exposing the outputs to the database
[2019-09-10 05:14:40,651 #70 INFO] Calculation 70 finished correctly in 4505 seconds
  id | name
 389 | Asset Loss Curves
 390 | Asset Loss Curves Statistics
 384 | Average Asset Losses
 385 | Average Asset Losses Statistics
 386 | Full Report
 387 | Hazard Curves
 388 | Input Files
 391 | Realizations
