WARNING:root:DB server started with /apps/openquake/3.5/oqenv/bin/python3.6 on tcp://10.9.65.40:1908, pid 22793
[2019-07-04 13:08:47,799 #7 INFO] hxr547 running /short/y57/hxr547/York/job_EPSHA.ini [--hc=None]
[2019-07-04 13:08:47,881 #7 INFO] Using engine version 3.5.0
[2019-07-04 13:08:49,023 #7 WARNING] Using celery@r3745, celery@r3746, celery@r3751, 168 cores
[2019-07-04 13:08:49,214 #7 INFO] zipping the input files
[2019-07-04 13:09:33,232 #7 INFO] Reading the risk model if present
[2019-07-04 13:09:33,961 #7 INFO] Read 1 hazard sites
[2019-07-04 13:09:46,006 #7 INFO] Validated nsha18_source_model_logic_tree.xml in 11.79 seconds
[2019-07-04 13:09:46,278 #7 INFO] Considering 1,000 logic tree paths out of 5,880
[2019-07-04 13:09:46,648 #7 INFO] Removing nodal plane and hypocenter distributions
[2019-07-04 13:09:46,784 #7 INFO] Reading the source model(s) in parallel
[2019-07-04 13:10:18,091 #7 INFO] Sent 8.29 KB of data in 20 read_source_models task(s)
[2019-07-04 13:10:19,261 #7 INFO] read_source_models   5% [of 20 tasks]
[2019-07-04 13:10:20,496 #7 INFO] read_source_models  10% [of 20 tasks]
[2019-07-04 13:10:20,874 #7 INFO] read_source_models  15% [of 20 tasks]
[2019-07-04 13:10:21,773 #7 INFO] read_source_models  20% [of 20 tasks]
[2019-07-04 13:10:23,879 #7 INFO] read_source_models  25% [of 20 tasks]
[2019-07-04 13:10:26,831 #7 INFO] read_source_models  30% [of 20 tasks]
WARNING:root:<AreaSource NSHMB_EBGZ>.count_ruptures took 28 seconds, perhaps the area discretization is too small
[2019-07-04 13:10:33,372 #7 INFO] read_source_models  35% [of 20 tasks]
[2019-07-04 13:10:39,891 #7 INFO] read_source_models  40% [of 20 tasks]
[2019-07-04 13:10:43,729 #7 INFO] read_source_models  45% [of 20 tasks]
[2019-07-04 13:10:45,863 #7 INFO] read_source_models  50% [of 20 tasks]
[2019-07-04 13:11:08,579 #7 INFO] read_source_models  55% [of 20 tasks]
[2019-07-04 13:11:19,822 #7 INFO] read_source_models  60% [of 20 tasks]
[2019-07-04 13:11:24,845 #7 INFO] read_source_models  65% [of 20 tasks]
[2019-07-04 13:11:30,583 #7 INFO] read_source_models  70% [of 20 tasks]
[2019-07-04 13:11:36,730 #7 INFO] read_source_models  75% [of 20 tasks]
[2019-07-04 13:11:36,844 #7 INFO] read_source_models  80% [of 20 tasks]
[2019-07-04 13:11:50,424 #7 INFO] read_source_models  85% [of 20 tasks]
[2019-07-04 13:12:02,221 #7 INFO] read_source_models  90% [of 20 tasks]
[2019-07-04 13:12:03,022 #7 INFO] read_source_models  95% [of 20 tasks]
[2019-07-04 13:12:03,624 #7 INFO] read_source_models 100% [of 20 tasks]
[2019-07-04 13:12:03,763 #7 INFO] Received 820.42 MB from 20 read_source_models outputs in 136 seconds, biggest output=99.72 MB
[2019-07-04 13:12:04,796 #7 INFO] Processed source model 1 with 17 gsim path(s) and 66378 sources
[2019-07-04 13:12:05,295 #7 INFO] Processed source model 2 with 28 gsim path(s) and 96 sources
[2019-07-04 13:12:05,431 #7 INFO] Processed source model 3 with 12 gsim path(s) and 127 sources
[2019-07-04 13:12:07,715 #7 INFO] Processed source model 4 with 197 gsim path(s) and 153357 sources
[2019-07-04 13:12:10,215 #7 INFO] Processed source model 5 with 115 gsim path(s) and 155018 sources
[2019-07-04 13:12:12,630 #7 INFO] Processed source model 6 with 78 gsim path(s) and 157927 sources
[2019-07-04 13:12:13,055 #7 INFO] Processed source model 7 with 42 gsim path(s) and 70 sources
[2019-07-04 13:12:13,175 #7 INFO] Processed source model 8 with 64 gsim path(s) and 76 sources
[2019-07-04 13:12:13,249 #7 INFO] Processed source model 9 with 8 gsim path(s) and 70 sources
[2019-07-04 13:12:13,315 #7 INFO] Processed source model 10 with 32 gsim path(s) and 78 sources
[2019-07-04 13:12:13,382 #7 INFO] Processed source model 11 with 33 gsim path(s) and 72 sources
[2019-07-04 13:12:15,080 #7 INFO] Processed source model 12 with 21 gsim path(s) and 122912 sources
[2019-07-04 13:12:15,489 #7 INFO] Processed source model 13 with 19 gsim path(s) and 64 sources
[2019-07-04 13:12:17,124 #7 INFO] Processed source model 14 with 39 gsim path(s) and 120846 sources
[2019-07-04 13:12:18,778 #7 INFO] Processed source model 15 with 18 gsim path(s) and 102697 sources
[2019-07-04 13:12:20,361 #7 INFO] Processed source model 16 with 50 gsim path(s) and 103076 sources
[2019-07-04 13:12:22,248 #7 INFO] Processed source model 17 with 108 gsim path(s) and 121225 sources
[2019-07-04 13:12:24,375 #7 INFO] Processed source model 18 with 51 gsim path(s) and 123291 sources
[2019-07-04 13:12:25,535 #7 INFO] Processed source model 19 with 53 gsim path(s) and 66757 sources
[2019-07-04 13:12:25,928 #7 INFO] Processed source model 20 with 15 gsim path(s) and 188 sources
[2019-07-04 13:12:26,170 #7 INFO] The composite source model has 78,858,213 ruptures
[2019-07-04 13:12:35,936 #7 INFO] minimum_intensity={'PGA': 0.0005}
[2019-07-04 13:12:36,204 #7 INFO] Building ruptures
[2019-07-04 13:12:36,289 #7 INFO] Sending <LtSourceModel #0 cuthbertson2018_source_model_banda.xml, path=b1, weight=0.0010000000000000005, samples=17>
[2019-07-04 13:12:37,767 #7 INFO] Using maxweight=156465
[2019-07-04 13:12:43,581 #7 INFO] Sending <LtSourceModel #1 NSHA13_collapsed.xml, path=b10, weight=0.0010000000000000007, samples=28>
[2019-07-04 13:12:48,851 #7 INFO] Sending <LtSourceModel #2 DIMAUS_collapsed.xml, path=b11, weight=0.0010000000000000002, samples=12>
[2019-07-04 13:12:54,356 #7 INFO] Sending <LtSourceModel #3 NFSM_NSHA13_National_Fault_Source_Model_2018_Collapsed_NSHA13_2018__all_methods_collapsed_inc_cluster.xml, path=b12, weight=0.0010000000000000007, samples=197>
[2019-07-04 13:13:03,965 #7 INFO] Sending <LtSourceModel #4 NFSM_DIMAUS_National_Fault_Source_Model_2018_Collapsed_DIMAUS_2018__all_methods_collapsed_inc_cluster.xml, path=b13, weight=0.0010000000000000007, samples=115>
[2019-07-04 13:13:14,093 #7 INFO] Sending <LtSourceModel #5 NFSM_AUS6_National_Fault_Source_Model_2018_Collapsed_AUS6_2018__all_methods_collapsed_inc_cluster.xml, path=b14, weight=0.0010000000000000007, samples=78>
[2019-07-04 13:13:24,718 #7 INFO] Sending <LtSourceModel #6 Leonard2008_collapsed.xml, path=b15, weight=0.0010000000000000007, samples=42>
[2019-07-04 13:13:34,608 #7 INFO] Sending <LtSourceModel #7 Domains_collapsed.xml, path=b16, weight=0.0010000000000000007, samples=64>
[2019-07-04 13:13:42,689 #7 INFO] Sending <LtSourceModel #8 SIN_MCC_collapsed.xml, path=b17, weight=0.001, samples=8>
[2019-07-04 13:13:48,660 #7 INFO] Sending <LtSourceModel #9 ARUP_collapsed.xml, path=b18, weight=0.0010000000000000007, samples=32>
[2019-07-04 13:13:54,574 #7 INFO] Sending <LtSourceModel #10 ARUP_Background_collapsed.xml, path=b19, weight=0.0010000000000000007, samples=33>
[2019-07-04 13:14:00,448 #7 INFO] Sending <LtSourceModel #11 Hall2007_2018_banda.xml, path=b2, weight=0.0010000000000000005, samples=21>
[2019-07-04 13:14:09,672 #7 INFO] Sending <LtSourceModel #12 NSHA13_BACKGROUND_collapsed.xml, path=b20, weight=0.0010000000000000005, samples=19>
[2019-07-04 13:14:15,923 #7 INFO] Sending <LtSourceModel #13 GA_adaptive_smoothing_collapsed_K3_single_corner_completeness_banda.xml, path=b3, weight=0.0010000000000000007, samples=39>
[2019-07-04 13:14:25,767 #7 INFO] Sending <LtSourceModel #14 GA_fixed_smoothing_50_3_collapsed_single_corner_completeness_banda.xml, path=b4, weight=0.0010000000000000005, samples=18>
[2019-07-04 13:14:35,182 #7 INFO] Sending <LtSourceModel #15 GA_NFSM_fixed_smoothing_50_3_collapsed_single_corner_completeness_banda_nfsm.xml, path=b5, weight=0.0010000000000000007, samples=50>
[2019-07-04 13:14:44,955 #7 INFO] Sending <LtSourceModel #16 GA_NFSM_adaptive_smoothing_collapsed_K3_single_corner_completeness_banda_nfsm.xml, path=b6, weight=0.0010000000000000007, samples=108>
[2019-07-04 13:14:54,597 #7 INFO] Sending <LtSourceModel #17 Hall2007_2018_banda_nfsm.xml, path=b7, weight=0.0010000000000000007, samples=51>
[2019-07-04 13:15:04,954 #7 INFO] Sending <LtSourceModel #18 cuthbertson2018_source_model_banda_nfsm.xml, path=b8, weight=0.0010000000000000007, samples=53>
[2019-07-04 13:15:12,451 #7 INFO] Sending <LtSourceModel #19 AUS6_collapsed.xml, path=b9, weight=0.0010000000000000005, samples=15>
[2019-07-04 13:15:22,137 #7 INFO] Sent 816.35 MB of data in 523 sample_ruptures task(s)
[2019-07-04 13:15:22,623 #7 INFO] sample_ruptures   1% [of 523 tasks]
[2019-07-04 13:15:22,769 #7 INFO] sample_ruptures   2% [of 523 tasks]
[2019-07-04 13:15:22,968 #7 INFO] sample_ruptures   3% [of 523 tasks]
[2019-07-04 13:15:23,062 #7 INFO] sample_ruptures   4% [of 523 tasks]
[2019-07-04 13:15:23,271 #7 INFO] sample_ruptures   5% [of 523 tasks]
[2019-07-04 13:15:23,357 #7 INFO] sample_ruptures   6% [of 523 tasks]
[2019-07-04 13:15:23,441 #7 INFO] sample_ruptures   7% [of 523 tasks]
[2019-07-04 13:15:23,524 #7 INFO] sample_ruptures   8% [of 523 tasks]
[2019-07-04 13:15:23,616 #7 INFO] sample_ruptures   9% [of 523 tasks]
[2019-07-04 13:15:23,723 #7 INFO] sample_ruptures  10% [of 523 tasks]
[2019-07-04 13:15:23,792 #7 INFO] sample_ruptures  11% [of 523 tasks]
[2019-07-04 13:15:23,909 #7 INFO] sample_ruptures  12% [of 523 tasks]
[2019-07-04 13:15:24,012 #7 INFO] sample_ruptures  13% [of 523 tasks]
[2019-07-04 13:15:24,244 #7 INFO] sample_ruptures  14% [of 523 tasks]
[2019-07-04 13:15:24,394 #7 INFO] sample_ruptures  15% [of 523 tasks]
[2019-07-04 13:15:24,640 #7 INFO] sample_ruptures  16% [of 523 tasks]
[2019-07-04 13:15:24,992 #7 INFO] sample_ruptures  17% [of 523 tasks]
[2019-07-04 13:15:25,180 #7 INFO] sample_ruptures  18% [of 523 tasks]
[2019-07-04 13:15:25,332 #7 INFO] sample_ruptures  19% [of 523 tasks]
[2019-07-04 13:15:25,978 #7 INFO] sample_ruptures  20% [of 523 tasks]
[2019-07-04 13:15:26,081 #7 INFO] sample_ruptures  21% [of 523 tasks]
[2019-07-04 13:15:26,186 #7 INFO] sample_ruptures  22% [of 523 tasks]
[2019-07-04 13:15:26,258 #7 INFO] sample_ruptures  23% [of 523 tasks]
[2019-07-04 13:15:26,331 #7 INFO] sample_ruptures  24% [of 523 tasks]
[2019-07-04 13:15:26,460 #7 INFO] sample_ruptures  25% [of 523 tasks]
[2019-07-04 13:15:26,600 #7 INFO] sample_ruptures  26% [of 523 tasks]
[2019-07-04 13:15:26,773 #7 INFO] sample_ruptures  27% [of 523 tasks]
[2019-07-04 13:15:26,867 #7 INFO] sample_ruptures  28% [of 523 tasks]
[2019-07-04 13:15:26,943 #7 INFO] sample_ruptures  29% [of 523 tasks]
[2019-07-04 13:15:27,023 #7 INFO] sample_ruptures  30% [of 523 tasks]
[2019-07-04 13:15:27,085 #7 INFO] sample_ruptures  31% [of 523 tasks]
[2019-07-04 13:15:27,179 #7 INFO] sample_ruptures  32% [of 523 tasks]
[2019-07-04 13:15:27,247 #7 INFO] sample_ruptures  33% [of 523 tasks]
[2019-07-04 13:15:27,287 #7 INFO] sample_ruptures  34% [of 523 tasks]
[2019-07-04 13:15:27,415 #7 INFO] sample_ruptures  35% [of 523 tasks]
[2019-07-04 13:15:27,468 #7 INFO] sample_ruptures  36% [of 523 tasks]
[2019-07-04 13:15:27,532 #7 INFO] sample_ruptures  37% [of 523 tasks]
[2019-07-04 13:15:27,618 #7 INFO] sample_ruptures  38% [of 523 tasks]
[2019-07-04 13:15:27,749 #7 INFO] sample_ruptures  39% [of 523 tasks]
[2019-07-04 13:15:27,816 #7 INFO] sample_ruptures  40% [of 523 tasks]
[2019-07-04 13:15:27,918 #7 INFO] sample_ruptures  41% [of 523 tasks]
[2019-07-04 13:15:27,981 #7 INFO] sample_ruptures  42% [of 523 tasks]
[2019-07-04 13:15:28,160 #7 INFO] sample_ruptures  43% [of 523 tasks]
[2019-07-04 13:15:28,281 #7 INFO] sample_ruptures  44% [of 523 tasks]
[2019-07-04 13:15:28,366 #7 INFO] sample_ruptures  45% [of 523 tasks]
[2019-07-04 13:15:28,457 #7 INFO] sample_ruptures  46% [of 523 tasks]
[2019-07-04 13:15:28,777 #7 INFO] sample_ruptures  47% [of 523 tasks]
[2019-07-04 13:15:28,890 #7 INFO] sample_ruptures  48% [of 523 tasks]
[2019-07-04 13:15:28,982 #7 INFO] sample_ruptures  49% [of 523 tasks]
[2019-07-04 13:15:29,060 #7 INFO] sample_ruptures  50% [of 523 tasks]
[2019-07-04 13:15:29,150 #7 INFO] sample_ruptures  51% [of 523 tasks]
[2019-07-04 13:15:29,290 #7 INFO] sample_ruptures  52% [of 523 tasks]
[2019-07-04 13:15:29,387 #7 INFO] sample_ruptures  53% [of 523 tasks]
[2019-07-04 13:15:29,570 #7 INFO] sample_ruptures  54% [of 523 tasks]
[2019-07-04 13:15:29,674 #7 INFO] sample_ruptures  55% [of 523 tasks]
[2019-07-04 13:15:29,759 #7 INFO] sample_ruptures  56% [of 523 tasks]
[2019-07-04 13:15:29,829 #7 INFO] sample_ruptures  57% [of 523 tasks]
[2019-07-04 13:15:30,060 #7 INFO] sample_ruptures  58% [of 523 tasks]
[2019-07-04 13:15:30,147 #7 INFO] sample_ruptures  59% [of 523 tasks]
[2019-07-04 13:15:30,237 #7 INFO] sample_ruptures  60% [of 523 tasks]
[2019-07-04 13:15:30,358 #7 INFO] sample_ruptures  61% [of 523 tasks]
[2019-07-04 13:15:30,442 #7 INFO] sample_ruptures  62% [of 523 tasks]
[2019-07-04 13:15:30,638 #7 INFO] sample_ruptures  63% [of 523 tasks]
[2019-07-04 13:15:30,724 #7 INFO] sample_ruptures  64% [of 523 tasks]
[2019-07-04 13:15:30,895 #7 INFO] sample_ruptures  65% [of 523 tasks]
[2019-07-04 13:15:31,085 #7 INFO] sample_ruptures  66% [of 523 tasks]
[2019-07-04 13:15:31,272 #7 INFO] sample_ruptures  67% [of 523 tasks]
[2019-07-04 13:15:31,383 #7 INFO] sample_ruptures  68% [of 523 tasks]
[2019-07-04 13:15:31,480 #7 INFO] sample_ruptures  69% [of 523 tasks]
[2019-07-04 13:15:31,585 #7 INFO] sample_ruptures  70% [of 523 tasks]
[2019-07-04 13:15:31,707 #7 INFO] sample_ruptures  71% [of 523 tasks]
[2019-07-04 13:15:31,824 #7 INFO] sample_ruptures  72% [of 523 tasks]
[2019-07-04 13:15:31,913 #7 INFO] sample_ruptures  73% [of 523 tasks]
[2019-07-04 13:15:31,998 #7 INFO] sample_ruptures  74% [of 523 tasks]
[2019-07-04 13:15:32,070 #7 INFO] sample_ruptures  75% [of 523 tasks]
[2019-07-04 13:15:32,579 #7 INFO] sample_ruptures  76% [of 523 tasks]
[2019-07-04 13:15:32,719 #7 INFO] sample_ruptures  77% [of 523 tasks]
[2019-07-04 13:15:32,817 #7 INFO] sample_ruptures  78% [of 523 tasks]
[2019-07-04 13:15:33,094 #7 INFO] sample_ruptures  79% [of 523 tasks]
[2019-07-04 13:15:33,299 #7 INFO] sample_ruptures  80% [of 523 tasks]
[2019-07-04 13:15:33,438 #7 INFO] sample_ruptures  81% [of 523 tasks]
[2019-07-04 13:15:33,556 #7 INFO] sample_ruptures  82% [of 523 tasks]
[2019-07-04 13:15:33,709 #7 INFO] sample_ruptures  83% [of 523 tasks]
[2019-07-04 13:15:34,034 #7 INFO] sample_ruptures  84% [of 523 tasks]
[2019-07-04 13:15:34,337 #7 INFO] sample_ruptures  85% [of 523 tasks]
[2019-07-04 13:15:34,536 #7 INFO] sample_ruptures  86% [of 523 tasks]
[2019-07-04 13:15:34,802 #7 INFO] sample_ruptures  87% [of 523 tasks]
[2019-07-04 13:15:35,018 #7 INFO] sample_ruptures  88% [of 523 tasks]
[2019-07-04 13:15:35,130 #7 INFO] sample_ruptures  89% [of 523 tasks]
[2019-07-04 13:15:35,247 #7 INFO] sample_ruptures  90% [of 523 tasks]
[2019-07-04 13:15:35,325 #7 INFO] sample_ruptures  91% [of 523 tasks]
[2019-07-04 13:15:35,727 #7 INFO] sample_ruptures  92% [of 523 tasks]
[2019-07-04 13:15:36,026 #7 INFO] sample_ruptures  93% [of 523 tasks]
[2019-07-04 13:15:36,430 #7 INFO] sample_ruptures  94% [of 523 tasks]
[2019-07-04 13:15:36,738 #7 INFO] sample_ruptures  95% [of 523 tasks]
[2019-07-04 13:15:37,211 #7 INFO] sample_ruptures  96% [of 523 tasks]
[2019-07-04 13:15:37,554 #7 INFO] sample_ruptures  97% [of 523 tasks]
[2019-07-04 13:15:37,821 #7 INFO] sample_ruptures  98% [of 523 tasks]
[2019-07-04 13:15:38,282 #7 INFO] sample_ruptures  99% [of 523 tasks]
[2019-07-04 13:18:28,477 #7 INFO] sample_ruptures 100% [of 523 tasks]
[2019-07-04 13:18:29,796 #7 INFO] Received 132.29 MB from 916 sample_ruptures outputs in 192 seconds, biggest output=3.17 MB
[2019-07-04 13:18:30,271 #7 INFO] Received {'rup_array': '128.69 MB', 'calc_times': '3.56 MB', 'eff_ruptures': '17.7 KB'}
[2019-07-04 13:18:30,693 #7 INFO] There are 1000 realization(s)
[2019-07-04 13:18:35,284 #7 INFO] Reordering the ruptures and storing the events
[2019-07-04 13:19:05,665 #7 INFO] Read 1182583 ruptures and 10481096 events
[2019-07-04 13:19:14,723 #7 INFO] Received 100.08 MB from 522 get_eid_rlz outputs in 7 seconds, biggest output=1.79 MB
[2019-07-04 13:19:44,070 #7 INFO] Read 1182583 ruptures and 10481096 events
[2019-07-04 13:20:04,426 #7 INFO] Sent 75.03 MB of data in 522 compute_gmfs task(s)
[2019-07-04 13:20:09,118 #7 INFO] compute_gmfs   1% [of 522 tasks]
[2019-07-04 13:20:15,883 #7 INFO] compute_gmfs   2% [of 522 tasks]
[2019-07-04 13:20:18,607 #7 INFO] compute_gmfs   3% [of 522 tasks]
[2019-07-04 13:20:21,087 #7 INFO] compute_gmfs   4% [of 522 tasks]
[2019-07-04 13:20:21,739 #7 INFO] compute_gmfs   5% [of 522 tasks]
[2019-07-04 13:20:21,813 #7 INFO] compute_gmfs   6% [of 522 tasks]
[2019-07-04 13:20:21,864 #7 INFO] compute_gmfs   7% [of 522 tasks]
[2019-07-04 13:20:21,929 #7 INFO] compute_gmfs   8% [of 522 tasks]
[2019-07-04 13:20:21,998 #7 INFO] compute_gmfs   9% [of 522 tasks]
[2019-07-04 13:20:22,089 #7 INFO] compute_gmfs  10% [of 522 tasks]
[2019-07-04 13:20:22,164 #7 INFO] compute_gmfs  11% [of 522 tasks]
[2019-07-04 13:20:22,248 #7 INFO] compute_gmfs  12% [of 522 tasks]
[2019-07-04 13:20:22,305 #7 INFO] compute_gmfs  13% [of 522 tasks]
[2019-07-04 13:20:22,381 #7 INFO] compute_gmfs  14% [of 522 tasks]
[2019-07-04 13:20:22,448 #7 INFO] compute_gmfs  15% [of 522 tasks]
[2019-07-04 13:20:22,533 #7 INFO] compute_gmfs  16% [of 522 tasks]
[2019-07-04 13:20:22,622 #7 INFO] compute_gmfs  17% [of 522 tasks]
[2019-07-04 13:20:22,698 #7 INFO] compute_gmfs  18% [of 522 tasks]
[2019-07-04 13:20:22,770 #7 INFO] compute_gmfs  19% [of 522 tasks]
[2019-07-04 13:20:22,839 #7 INFO] compute_gmfs  20% [of 522 tasks]
[2019-07-04 13:20:22,931 #7 INFO] compute_gmfs  21% [of 522 tasks]
[2019-07-04 13:20:22,989 #7 INFO] compute_gmfs  22% [of 522 tasks]
[2019-07-04 13:20:23,085 #7 INFO] compute_gmfs  23% [of 522 tasks]
[2019-07-04 13:20:23,160 #7 INFO] compute_gmfs  24% [of 522 tasks]
[2019-07-04 13:20:23,239 #7 INFO] compute_gmfs  25% [of 522 tasks]
[2019-07-04 13:20:23,288 #7 INFO] compute_gmfs  26% [of 522 tasks]
[2019-07-04 13:20:23,364 #7 INFO] compute_gmfs  27% [of 522 tasks]
[2019-07-04 13:20:23,455 #7 INFO] compute_gmfs  28% [of 522 tasks]
[2019-07-04 13:20:23,555 #7 INFO] compute_gmfs  29% [of 522 tasks]
[2019-07-04 13:20:23,623 #7 INFO] compute_gmfs  30% [of 522 tasks]
[2019-07-04 13:20:23,717 #7 INFO] compute_gmfs  31% [of 522 tasks]
[2019-07-04 13:20:23,798 #7 INFO] compute_gmfs  32% [of 522 tasks]
[2019-07-04 13:20:23,884 #7 INFO] compute_gmfs  33% [of 522 tasks]
[2019-07-04 13:20:24,107 #7 INFO] compute_gmfs  34% [of 522 tasks]
[2019-07-04 13:20:24,141 #7 INFO] compute_gmfs  35% [of 522 tasks]
[2019-07-04 13:20:24,407 #7 INFO] compute_gmfs  36% [of 522 tasks]
[2019-07-04 13:20:24,522 #7 INFO] compute_gmfs  37% [of 522 tasks]
[2019-07-04 13:20:24,606 #7 INFO] compute_gmfs  38% [of 522 tasks]
[2019-07-04 13:20:24,698 #7 INFO] compute_gmfs  39% [of 522 tasks]
[2019-07-04 13:20:24,791 #7 INFO] compute_gmfs  40% [of 522 tasks]
[2019-07-04 13:20:24,866 #7 INFO] compute_gmfs  41% [of 522 tasks]
[2019-07-04 13:20:24,925 #7 INFO] compute_gmfs  42% [of 522 tasks]
[2019-07-04 13:20:24,983 #7 INFO] compute_gmfs  43% [of 522 tasks]
[2019-07-04 13:20:25,075 #7 INFO] compute_gmfs  44% [of 522 tasks]
[2019-07-04 13:20:25,166 #7 INFO] compute_gmfs  45% [of 522 tasks]
[2019-07-04 13:20:25,383 #7 INFO] compute_gmfs  46% [of 522 tasks]
[2019-07-04 13:20:25,508 #7 INFO] compute_gmfs  47% [of 522 tasks]
[2019-07-04 13:20:25,603 #7 INFO] compute_gmfs  48% [of 522 tasks]
[2019-07-04 13:20:25,674 #7 INFO] compute_gmfs  49% [of 522 tasks]
[2019-07-04 13:20:25,939 #7 INFO] compute_gmfs  50% [of 522 tasks]
[2019-07-04 13:20:26,030 #7 INFO] compute_gmfs  51% [of 522 tasks]
[2019-07-04 13:20:26,108 #7 INFO] compute_gmfs  52% [of 522 tasks]
[2019-07-04 13:20:26,175 #7 INFO] compute_gmfs  53% [of 522 tasks]
[2019-07-04 13:20:26,273 #7 INFO] compute_gmfs  54% [of 522 tasks]
[2019-07-04 13:20:26,348 #7 INFO] compute_gmfs  55% [of 522 tasks]
[2019-07-04 13:20:26,531 #7 INFO] compute_gmfs  56% [of 522 tasks]
[2019-07-04 13:20:26,632 #7 INFO] compute_gmfs  57% [of 522 tasks]
[2019-07-04 13:20:32,622 #7 INFO] compute_gmfs  58% [of 522 tasks]
[2019-07-04 13:20:32,868 #7 INFO] compute_gmfs  59% [of 522 tasks]
[2019-07-04 13:20:32,970 #7 INFO] compute_gmfs  60% [of 522 tasks]
[2019-07-04 13:20:33,069 #7 INFO] compute_gmfs  61% [of 522 tasks]
[2019-07-04 13:20:33,142 #7 INFO] compute_gmfs  62% [of 522 tasks]
[2019-07-04 13:20:33,234 #7 INFO] compute_gmfs  63% [of 522 tasks]
[2019-07-04 13:20:33,284 #7 INFO] compute_gmfs  64% [of 522 tasks]
[2019-07-04 13:20:33,375 #7 INFO] compute_gmfs  65% [of 522 tasks]
[2019-07-04 13:20:33,442 #7 INFO] compute_gmfs  66% [of 522 tasks]
[2019-07-04 13:20:33,519 #7 INFO] compute_gmfs  67% [of 522 tasks]
[2019-07-04 13:20:33,610 #7 INFO] compute_gmfs  68% [of 522 tasks]
[2019-07-04 13:20:33,710 #7 INFO] compute_gmfs  69% [of 522 tasks]
[2019-07-04 13:20:33,792 #7 INFO] compute_gmfs  70% [of 522 tasks]
[2019-07-04 13:20:33,869 #7 INFO] compute_gmfs  71% [of 522 tasks]
[2019-07-04 13:20:33,951 #7 INFO] compute_gmfs  72% [of 522 tasks]
[2019-07-04 13:20:34,037 #7 INFO] compute_gmfs  73% [of 522 tasks]
[2019-07-04 13:20:34,203 #7 INFO] compute_gmfs  74% [of 522 tasks]
[2019-07-04 13:20:34,520 #7 INFO] compute_gmfs  75% [of 522 tasks]
[2019-07-04 13:20:34,635 #7 INFO] compute_gmfs  76% [of 522 tasks]
[2019-07-04 13:20:34,784 #7 INFO] compute_gmfs  77% [of 522 tasks]
[2019-07-04 13:20:34,875 #7 INFO] compute_gmfs  78% [of 522 tasks]
[2019-07-04 13:20:34,959 #7 INFO] compute_gmfs  79% [of 522 tasks]
[2019-07-04 13:20:35,027 #7 INFO] compute_gmfs  80% [of 522 tasks]
[2019-07-04 13:20:35,153 #7 INFO] compute_gmfs  81% [of 522 tasks]
[2019-07-04 13:20:35,229 #7 INFO] compute_gmfs  82% [of 522 tasks]
[2019-07-04 13:20:35,288 #7 INFO] compute_gmfs  83% [of 522 tasks]
[2019-07-04 13:20:35,537 #7 INFO] compute_gmfs  84% [of 522 tasks]
[2019-07-04 13:20:35,622 #7 INFO] compute_gmfs  85% [of 522 tasks]
[2019-07-04 13:20:35,744 #7 INFO] compute_gmfs  86% [of 522 tasks]
[2019-07-04 13:20:35,846 #7 INFO] compute_gmfs  87% [of 522 tasks]
[2019-07-04 13:20:35,918 #7 INFO] compute_gmfs  88% [of 522 tasks]
[2019-07-04 13:20:36,055 #7 INFO] compute_gmfs  89% [of 522 tasks]
[2019-07-04 13:20:36,138 #7 INFO] compute_gmfs  90% [of 522 tasks]
[2019-07-04 13:20:36,238 #7 INFO] compute_gmfs  91% [of 522 tasks]
[2019-07-04 13:20:36,328 #7 INFO] compute_gmfs  92% [of 522 tasks]
[2019-07-04 13:20:36,401 #7 INFO] compute_gmfs  93% [of 522 tasks]
[2019-07-04 13:20:36,478 #7 INFO] compute_gmfs  94% [of 522 tasks]
[2019-07-04 13:20:36,528 #7 INFO] compute_gmfs  95% [of 522 tasks]
[2019-07-04 13:20:36,670 #7 INFO] compute_gmfs  96% [of 522 tasks]
[2019-07-04 13:20:36,770 #7 INFO] compute_gmfs  97% [of 522 tasks]
[2019-07-04 13:20:36,870 #7 INFO] compute_gmfs  98% [of 522 tasks]
[2019-07-04 13:20:36,948 #7 INFO] compute_gmfs  99% [of 522 tasks]
[2019-07-04 13:20:37,056 #7 INFO] compute_gmfs 100% [of 522 tasks]
[2019-07-04 13:20:37,145 #7 INFO] Received 227.21 MB from 522 compute_gmfs outputs in 52 seconds, biggest output=5.28 MB
[2019-07-04 13:20:37,270 #7 INFO] Received {'gmfdata': '115.85 MB', 'hcurves': '8.5 MB', 'sig_eps': '102.93 MB', 'indices': '82.77 KB'}
[2019-07-04 13:20:37,354 #7 INFO] Saving gmf_data/indices
[2019-07-04 13:20:37,404 #7 INFO] Found ~6737142 GMVs per site
[2019-07-04 13:20:37,489 #7 INFO] Computing statistical hazard curves
[2019-07-04 13:23:19,777 #7 INFO] exported gmf_data: ['/short/y57/hxr547/York/PSHA_PGA/gmf-data_7.csv', '/short/y57/hxr547/York/PSHA_PGA/sigma_epsilon_7.csv', '/short/y57/hxr547/York/PSHA_PGA/sitemesh_7.csv']
[2019-07-04 13:23:20,629 #7 INFO] exported hcurves: ['/short/y57/hxr547/York/PSHA_PGA/hazard_curve-mean-PGA_7.csv']
[2019-07-04 13:36:55,523 #7 INFO] Read 1182583 ruptures and 10481096 events
[2019-07-04 13:37:26,986 #7 INFO] exported ruptures: ['/short/y57/hxr547/York/PSHA_PGA/ruptures_7.csv']
[2019-07-04 13:37:27,372 #7 INFO] Exposing the outputs to the database
[2019-07-04 13:37:32,812 #7 INFO] Calculation 7 finished correctly in 1678 seconds
  id | name
   6 | Earthquake Ruptures
   1 | Full Report
   2 | Ground Motion Fields
   3 | Hazard Curves
   4 | Input Files
   5 | Realizations
   7 | Seismic Source Groups
